{"/home/trident/ProductHunter/client/src/App.tsx": {"path":"/home/trident/ProductHunter/client/src/App.tsx","statementMap":{"0":{"start":{"line":55,"column":30},"end":{"line":55,"column":null}},"1":{"start":{"line":56,"column":2},"end":{"line":58,"column":null}},"2":{"start":{"line":57,"column":4},"end":{"line":57,"column":null}},"3":{"start":{"line":61,"column":38},"end":{"line":63,"column":null}},"4":{"start":{"line":62,"column":4},"end":{"line":62,"column":null}},"5":{"start":{"line":64,"column":32},"end":{"line":69,"column":null}},"6":{"start":{"line":65,"column":18},"end":{"line":65,"column":null}},"7":{"start":{"line":66,"column":4},"end":{"line":68,"column":null}},"8":{"start":{"line":72,"column":2},"end":{"line":74,"column":null}},"9":{"start":{"line":73,"column":4},"end":{"line":73,"column":null}},"10":{"start":{"line":77,"column":2},"end":{"line":79,"column":null}},"11":{"start":{"line":78,"column":4},"end":{"line":78,"column":null}},"12":{"start":{"line":81,"column":36},"end":{"line":81,"column":null}},"13":{"start":{"line":82,"column":44},"end":{"line":82,"column":null}},"14":{"start":{"line":83,"column":46},"end":{"line":83,"column":null}},"15":{"start":{"line":84,"column":38},"end":{"line":84,"column":null}},"16":{"start":{"line":85,"column":44},"end":{"line":85,"column":null}},"17":{"start":{"line":86,"column":26},"end":{"line":86,"column":null}},"18":{"start":{"line":88,"column":2},"end":{"line":90,"column":null}},"19":{"start":{"line":89,"column":4},"end":{"line":89,"column":null}},"20":{"start":{"line":92,"column":48},"end":{"line":92,"column":null}},"21":{"start":{"line":108,"column":2},"end":{"line":108,"column":null}},"22":{"start":{"line":109,"column":29},"end":{"line":109,"column":null}},"23":{"start":{"line":110,"column":35},"end":{"line":110,"column":null}},"24":{"start":{"line":111,"column":20},"end":{"line":111,"column":null}},"25":{"start":{"line":112,"column":50},"end":{"line":112,"column":null}},"26":{"start":{"line":115,"column":2},"end":{"line":119,"column":null}},"27":{"start":{"line":116,"column":4},"end":{"line":118,"column":null}},"28":{"start":{"line":117,"column":6},"end":{"line":117,"column":null}},"29":{"start":{"line":121,"column":29},"end":{"line":124,"column":null}},"30":{"start":{"line":122,"column":4},"end":{"line":122,"column":null}},"31":{"start":{"line":123,"column":4},"end":{"line":123,"column":null}},"32":{"start":{"line":126,"column":34},"end":{"line":139,"column":null}},"33":{"start":{"line":127,"column":4},"end":{"line":127,"column":null}},"34":{"start":{"line":128,"column":4},"end":{"line":138,"column":null}},"35":{"start":{"line":129,"column":6},"end":{"line":129,"column":null}},"36":{"start":{"line":130,"column":6},"end":{"line":130,"column":null}},"37":{"start":{"line":132,"column":6},"end":{"line":135,"column":null}},"38":{"start":{"line":137,"column":6},"end":{"line":137,"column":null}},"39":{"start":{"line":141,"column":21},"end":{"line":147,"column":null}},"40":{"start":{"line":149,"column":46},"end":{"line":149,"column":null}},"41":{"start":{"line":150,"column":60},"end":{"line":152,"column":null}},"42":{"start":{"line":153,"column":32},"end":{"line":153,"column":null}},"43":{"start":{"line":154,"column":48},"end":{"line":154,"column":null}},"44":{"start":{"line":156,"column":36},"end":{"line":156,"column":null}},"45":{"start":{"line":158,"column":17},"end":{"line":158,"column":null}},"46":{"start":{"line":159,"column":34},"end":{"line":159,"column":null}},"47":{"start":{"line":160,"column":40},"end":{"line":160,"column":null}},"48":{"start":{"line":162,"column":2},"end":{"line":211,"column":null}},"49":{"start":{"line":163,"column":17},"end":{"line":163,"column":null}},"50":{"start":{"line":165,"column":28},"end":{"line":204,"column":null}},"51":{"start":{"line":166,"column":20},"end":{"line":166,"column":null}},"52":{"start":{"line":167,"column":6},"end":{"line":174,"column":null}},"53":{"start":{"line":168,"column":8},"end":{"line":172,"column":null}},"54":{"start":{"line":169,"column":10},"end":{"line":169,"column":null}},"55":{"start":{"line":170,"column":10},"end":{"line":170,"column":null}},"56":{"start":{"line":171,"column":10},"end":{"line":171,"column":null}},"57":{"start":{"line":173,"column":8},"end":{"line":173,"column":null}},"58":{"start":{"line":176,"column":6},"end":{"line":203,"column":null}},"59":{"start":{"line":177,"column":8},"end":{"line":177,"column":null}},"60":{"start":{"line":177,"column":21},"end":{"line":177,"column":null}},"61":{"start":{"line":180,"column":21},"end":{"line":180,"column":null}},"62":{"start":{"line":181,"column":8},"end":{"line":181,"column":null}},"63":{"start":{"line":181,"column":20},"end":{"line":181,"column":null}},"64":{"start":{"line":183,"column":22},"end":{"line":183,"column":null}},"65":{"start":{"line":187,"column":37},"end":{"line":187,"column":null}},"66":{"start":{"line":190,"column":34},"end":{"line":190,"column":null}},"67":{"start":{"line":192,"column":8},"end":{"line":192,"column":null}},"68":{"start":{"line":194,"column":8},"end":{"line":194,"column":null}},"69":{"start":{"line":195,"column":8},"end":{"line":195,"column":null}},"70":{"start":{"line":196,"column":8},"end":{"line":196,"column":null}},"71":{"start":{"line":197,"column":8},"end":{"line":197,"column":null}},"72":{"start":{"line":200,"column":8},"end":{"line":200,"column":null}},"73":{"start":{"line":200,"column":21},"end":{"line":200,"column":null}},"74":{"start":{"line":202,"column":8},"end":{"line":202,"column":null}},"75":{"start":{"line":202,"column":21},"end":{"line":202,"column":null}},"76":{"start":{"line":206,"column":18},"end":{"line":206,"column":null}},"77":{"start":{"line":207,"column":4},"end":{"line":210,"column":null}},"78":{"start":{"line":208,"column":6},"end":{"line":208,"column":null}},"79":{"start":{"line":209,"column":6},"end":{"line":209,"column":null}},"80":{"start":{"line":214,"column":2},"end":{"line":220,"column":null}},"81":{"start":{"line":215,"column":4},"end":{"line":219,"column":null}},"82":{"start":{"line":216,"column":6},"end":{"line":216,"column":null}},"83":{"start":{"line":217,"column":6},"end":{"line":217,"column":null}},"84":{"start":{"line":218,"column":6},"end":{"line":218,"column":null}},"85":{"start":{"line":223,"column":2},"end":{"line":225,"column":null}},"86":{"start":{"line":224,"column":4},"end":{"line":224,"column":null}},"87":{"start":{"line":228,"column":8},"end":{"line":252,"column":null}},"88":{"start":{"line":229,"column":18},"end":{"line":229,"column":null}},"89":{"start":{"line":231,"column":4},"end":{"line":233,"column":null}},"90":{"start":{"line":232,"column":6},"end":{"line":232,"column":null}},"91":{"start":{"line":232,"column":38},"end":{"line":232,"column":65}},"92":{"start":{"line":236,"column":4},"end":{"line":250,"column":null}},"93":{"start":{"line":237,"column":21},"end":{"line":237,"column":null}},"94":{"start":{"line":238,"column":21},"end":{"line":238,"column":null}},"95":{"start":{"line":240,"column":6},"end":{"line":249,"column":null}},"96":{"start":{"line":242,"column":10},"end":{"line":242,"column":null}},"97":{"start":{"line":244,"column":10},"end":{"line":244,"column":null}},"98":{"start":{"line":246,"column":10},"end":{"line":246,"column":null}},"99":{"start":{"line":248,"column":10},"end":{"line":248,"column":null}},"100":{"start":{"line":251,"column":4},"end":{"line":251,"column":null}},"101":{"start":{"line":255,"column":33},"end":{"line":282,"column":null}},"102":{"start":{"line":258,"column":27},"end":{"line":277,"column":null}},"103":{"start":{"line":279,"column":4},"end":{"line":279,"column":null}},"104":{"start":{"line":280,"column":4},"end":{"line":280,"column":null}},"105":{"start":{"line":281,"column":4},"end":{"line":281,"column":null}},"106":{"start":{"line":318,"column":8},"end":{"line":321,"column":null}},"107":{"start":{"line":319,"column":10},"end":{"line":319,"column":null}},"108":{"start":{"line":319,"column":38},"end":{"line":319,"column":50}},"109":{"start":{"line":325,"column":23},"end":{"line":326,"column":null}},"110":{"start":{"line":326,"column":4},"end":{"line":326,"column":null}},"111":{"start":{"line":328,"column":28},"end":{"line":342,"column":null}},"112":{"start":{"line":329,"column":4},"end":{"line":333,"column":null}},"113":{"start":{"line":330,"column":6},"end":{"line":330,"column":null}},"114":{"start":{"line":331,"column":6},"end":{"line":331,"column":null}},"115":{"start":{"line":332,"column":6},"end":{"line":332,"column":null}},"116":{"start":{"line":334,"column":16},"end":{"line":334,"column":null}},"117":{"start":{"line":335,"column":21},"end":{"line":335,"column":null}},"118":{"start":{"line":336,"column":4},"end":{"line":341,"column":null}},"119":{"start":{"line":337,"column":6},"end":{"line":337,"column":null}},"120":{"start":{"line":338,"column":6},"end":{"line":338,"column":null}},"121":{"start":{"line":340,"column":6},"end":{"line":340,"column":null}},"122":{"start":{"line":344,"column":25},"end":{"line":352,"column":null}},"123":{"start":{"line":345,"column":4},"end":{"line":349,"column":null}},"124":{"start":{"line":346,"column":6},"end":{"line":346,"column":null}},"125":{"start":{"line":347,"column":6},"end":{"line":347,"column":null}},"126":{"start":{"line":348,"column":6},"end":{"line":348,"column":null}},"127":{"start":{"line":350,"column":4},"end":{"line":350,"column":null}},"128":{"start":{"line":351,"column":4},"end":{"line":351,"column":null}},"129":{"start":{"line":354,"column":2},"end":{"line":356,"column":null}},"130":{"start":{"line":355,"column":4},"end":{"line":355,"column":null}},"131":{"start":{"line":355,"column":39},"end":{"line":355,"column":62}},"132":{"start":{"line":358,"column":28},"end":{"line":366,"column":null}},"133":{"start":{"line":368,"column":23},"end":{"line":379,"column":null}},"134":{"start":{"line":394,"column":26},"end":{"line":956,"column":null}},"135":{"start":{"line":395,"column":6},"end":{"line":406,"column":null}},"136":{"start":{"line":396,"column":8},"end":{"line":404,"column":null}},"137":{"start":{"line":401,"column":26},"end":{"line":401,"column":null}},"138":{"start":{"line":402,"column":33},"end":{"line":402,"column":null}},"139":{"start":{"line":403,"column":30},"end":{"line":403,"column":null}},"140":{"start":{"line":408,"column":4},"end":{"line":955,"column":null}},"141":{"start":{"line":410,"column":8},"end":{"line":694,"column":null}},"142":{"start":{"line":443,"column":33},"end":{"line":443,"column":null}},"143":{"start":{"line":471,"column":22},"end":{"line":480,"column":null}},"144":{"start":{"line":476,"column":39},"end":{"line":476,"column":null}},"145":{"start":{"line":493,"column":37},"end":{"line":493,"column":null}},"146":{"start":{"line":506,"column":37},"end":{"line":506,"column":null}},"147":{"start":{"line":524,"column":37},"end":{"line":524,"column":null}},"148":{"start":{"line":536,"column":56},"end":{"line":536,"column":78}},"149":{"start":{"line":554,"column":37},"end":{"line":554,"column":null}},"150":{"start":{"line":567,"column":37},"end":{"line":567,"column":null}},"151":{"start":{"line":585,"column":37},"end":{"line":585,"column":null}},"152":{"start":{"line":598,"column":37},"end":{"line":598,"column":null}},"153":{"start":{"line":643,"column":20},"end":{"line":664,"column":null}},"154":{"start":{"line":660,"column":26},"end":{"line":660,"column":null}},"155":{"start":{"line":661,"column":26},"end":{"line":661,"column":null}},"156":{"start":{"line":672,"column":39},"end":{"line":672,"column":null}},"157":{"start":{"line":698,"column":8},"end":{"line":703,"column":null}},"158":{"start":{"line":707,"column":8},"end":{"line":822,"column":null}},"159":{"start":{"line":735,"column":20},"end":{"line":738,"column":null}},"160":{"start":{"line":736,"column":22},"end":{"line":736,"column":null}},"161":{"start":{"line":737,"column":22},"end":{"line":737,"column":null}},"162":{"start":{"line":764,"column":34},"end":{"line":774,"column":null}},"163":{"start":{"line":775,"column":18},"end":{"line":795,"column":null}},"164":{"start":{"line":789,"column":40},"end":{"line":789,"column":null}},"165":{"start":{"line":791,"column":26},"end":{"line":791,"column":null}},"166":{"start":{"line":792,"column":26},"end":{"line":792,"column":null}},"167":{"start":{"line":815,"column":33},"end":{"line":815,"column":null}},"168":{"start":{"line":825,"column":8},"end":{"line":953,"column":null}},"169":{"start":{"line":868,"column":22},"end":{"line":871,"column":null}},"170":{"start":{"line":869,"column":24},"end":{"line":869,"column":null}},"171":{"start":{"line":870,"column":24},"end":{"line":870,"column":null}},"172":{"start":{"line":892,"column":41},"end":{"line":898,"column":null}},"173":{"start":{"line":900,"column":18},"end":{"line":926,"column":null}},"174":{"start":{"line":915,"column":40},"end":{"line":915,"column":null}},"175":{"start":{"line":918,"column":26},"end":{"line":918,"column":null}},"176":{"start":{"line":919,"column":26},"end":{"line":919,"column":null}},"177":{"start":{"line":920,"column":26},"end":{"line":920,"column":null}},"178":{"start":{"line":946,"column":33},"end":{"line":946,"column":null}},"179":{"start":{"line":958,"column":24},"end":{"line":1010,"column":null}},"180":{"start":{"line":959,"column":4},"end":{"line":1010,"column":null}},"181":{"start":{"line":968,"column":8},"end":{"line":968,"column":null}},"182":{"start":{"line":969,"column":8},"end":{"line":969,"column":null}},"183":{"start":{"line":970,"column":8},"end":{"line":970,"column":null}},"184":{"start":{"line":971,"column":8},"end":{"line":971,"column":null}},"185":{"start":{"line":1013,"column":2},"end":{"line":1281,"column":null}},"186":{"start":{"line":1017,"column":23},"end":{"line":1017,"column":null}},"187":{"start":{"line":1033,"column":16},"end":{"line":1033,"column":null}},"188":{"start":{"line":1034,"column":16},"end":{"line":1034,"column":null}},"189":{"start":{"line":1035,"column":16},"end":{"line":1035,"column":null}},"190":{"start":{"line":1036,"column":16},"end":{"line":1036,"column":null}},"191":{"start":{"line":1037,"column":16},"end":{"line":1037,"column":null}},"192":{"start":{"line":1059,"column":20},"end":{"line":1059,"column":null}},"193":{"start":{"line":1060,"column":20},"end":{"line":1060,"column":null}},"194":{"start":{"line":1060,"column":48},"end":{"line":1060,"column":null}},"195":{"start":{"line":1061,"column":20},"end":{"line":1061,"column":null}},"196":{"start":{"line":1061,"column":41},"end":{"line":1061,"column":null}},"197":{"start":{"line":1082,"column":31},"end":{"line":1082,"column":null}},"198":{"start":{"line":1095,"column":31},"end":{"line":1095,"column":null}},"199":{"start":{"line":1108,"column":31},"end":{"line":1108,"column":null}},"200":{"start":{"line":1126,"column":33},"end":{"line":1126,"column":null}},"201":{"start":{"line":1149,"column":39},"end":{"line":1149,"column":null}},"202":{"start":{"line":1173,"column":30},"end":{"line":1173,"column":null}},"203":{"start":{"line":1174,"column":30},"end":{"line":1174,"column":null}},"204":{"start":{"line":1175,"column":30},"end":{"line":1175,"column":null}},"205":{"start":{"line":1192,"column":31},"end":{"line":1192,"column":null}},"206":{"start":{"line":1201,"column":29},"end":{"line":1201,"column":null}},"207":{"start":{"line":1251,"column":27},"end":{"line":1251,"column":null}},"208":{"start":{"line":1286,"column":2},"end":{"line":1295,"column":null}}},"fnMap":{"0":{"name":"AppContent","decl":{"start":{"line":54,"column":9},"end":{"line":54,"column":22}},"loc":{"start":{"line":54,"column":22},"end":{"line":1283,"column":null}},"line":54},"1":{"name":"(anonymous_1)","decl":{"start":{"line":61,"column":60},"end":{"line":61,"column":66}},"loc":{"start":{"line":61,"column":66},"end":{"line":63,"column":3}},"line":61},"2":{"name":"(anonymous_2)","decl":{"start":{"line":64,"column":50},"end":{"line":64,"column":56}},"loc":{"start":{"line":64,"column":56},"end":{"line":69,"column":3}},"line":64},"3":{"name":"(anonymous_3)","decl":{"start":{"line":72,"column":12},"end":{"line":72,"column":18}},"loc":{"start":{"line":72,"column":18},"end":{"line":74,"column":5}},"line":72},"4":{"name":"(anonymous_4)","decl":{"start":{"line":77,"column":12},"end":{"line":77,"column":18}},"loc":{"start":{"line":77,"column":18},"end":{"line":79,"column":5}},"line":77},"5":{"name":"(anonymous_5)","decl":{"start":{"line":88,"column":12},"end":{"line":88,"column":18}},"loc":{"start":{"line":88,"column":18},"end":{"line":90,"column":5}},"line":88},"6":{"name":"(anonymous_6)","decl":{"start":{"line":115,"column":12},"end":{"line":115,"column":18}},"loc":{"start":{"line":115,"column":18},"end":{"line":119,"column":5}},"line":115},"7":{"name":"(anonymous_7)","decl":{"start":{"line":121,"column":29},"end":{"line":121,"column":30}},"loc":{"start":{"line":121,"column":47},"end":{"line":124,"column":null}},"line":121},"8":{"name":"(anonymous_8)","decl":{"start":{"line":126,"column":34},"end":{"line":126,"column":46}},"loc":{"start":{"line":126,"column":46},"end":{"line":139,"column":null}},"line":126},"9":{"name":"(anonymous_9)","decl":{"start":{"line":162,"column":12},"end":{"line":162,"column":18}},"loc":{"start":{"line":162,"column":18},"end":{"line":211,"column":5}},"line":162},"10":{"name":"(anonymous_10)","decl":{"start":{"line":165,"column":28},"end":{"line":165,"column":40}},"loc":{"start":{"line":165,"column":40},"end":{"line":204,"column":null}},"line":165},"11":{"name":"(anonymous_11)","decl":{"start":{"line":207,"column":11},"end":{"line":207,"column":17}},"loc":{"start":{"line":207,"column":17},"end":{"line":210,"column":null}},"line":207},"12":{"name":"(anonymous_12)","decl":{"start":{"line":214,"column":12},"end":{"line":214,"column":18}},"loc":{"start":{"line":214,"column":18},"end":{"line":220,"column":5}},"line":214},"13":{"name":"(anonymous_13)","decl":{"start":{"line":223,"column":12},"end":{"line":223,"column":18}},"loc":{"start":{"line":223,"column":18},"end":{"line":225,"column":5}},"line":223},"14":{"name":"(anonymous_14)","decl":{"start":{"line":228,"column":32},"end":{"line":228,"column":38}},"loc":{"start":{"line":228,"column":38},"end":{"line":252,"column":5}},"line":228},"15":{"name":"(anonymous_15)","decl":{"start":{"line":232,"column":31},"end":{"line":232,"column":32}},"loc":{"start":{"line":232,"column":38},"end":{"line":232,"column":65}},"line":232},"16":{"name":"(anonymous_16)","decl":{"start":{"line":236,"column":17},"end":{"line":236,"column":18}},"loc":{"start":{"line":236,"column":27},"end":{"line":250,"column":5}},"line":236},"17":{"name":"(anonymous_17)","decl":{"start":{"line":255,"column":33},"end":{"line":255,"column":34}},"loc":{"start":{"line":255,"column":79},"end":{"line":282,"column":null}},"line":255},"18":{"name":"(anonymous_18)","decl":{"start":{"line":319,"column":4},"end":{"line":319,"column":10}},"loc":{"start":{"line":319,"column":10},"end":{"line":319,"column":null}},"line":319},"19":{"name":"(anonymous_19)","decl":{"start":{"line":319,"column":31},"end":{"line":319,"column":32}},"loc":{"start":{"line":319,"column":38},"end":{"line":319,"column":50}},"line":319},"20":{"name":"(anonymous_20)","decl":{"start":{"line":325,"column":23},"end":{"line":325,"column":24}},"loc":{"start":{"line":326,"column":4},"end":{"line":326,"column":null}},"line":326},"21":{"name":"(anonymous_21)","decl":{"start":{"line":328,"column":28},"end":{"line":328,"column":35}},"loc":{"start":{"line":328,"column":52},"end":{"line":342,"column":null}},"line":328},"22":{"name":"(anonymous_22)","decl":{"start":{"line":344,"column":25},"end":{"line":344,"column":26}},"loc":{"start":{"line":344,"column":66},"end":{"line":352,"column":null}},"line":344},"23":{"name":"(anonymous_23)","decl":{"start":{"line":355,"column":33},"end":{"line":355,"column":39}},"loc":{"start":{"line":355,"column":39},"end":{"line":355,"column":62}},"line":355},"24":{"name":"(anonymous_24)","decl":{"start":{"line":394,"column":26},"end":{"line":394,"column":32}},"loc":{"start":{"line":394,"column":32},"end":{"line":956,"column":null}},"line":394},"25":{"name":"(anonymous_25)","decl":{"start":{"line":401,"column":20},"end":{"line":401,"column":26}},"loc":{"start":{"line":401,"column":26},"end":{"line":401,"column":null}},"line":401},"26":{"name":"(anonymous_26)","decl":{"start":{"line":402,"column":27},"end":{"line":402,"column":33}},"loc":{"start":{"line":402,"column":33},"end":{"line":402,"column":null}},"line":402},"27":{"name":"(anonymous_27)","decl":{"start":{"line":403,"column":24},"end":{"line":403,"column":30}},"loc":{"start":{"line":403,"column":30},"end":{"line":403,"column":null}},"line":403},"28":{"name":"(anonymous_28)","decl":{"start":{"line":443,"column":26},"end":{"line":443,"column":27}},"loc":{"start":{"line":443,"column":33},"end":{"line":443,"column":null}},"line":443},"29":{"name":"(anonymous_29)","decl":{"start":{"line":470,"column":26},"end":{"line":470,"column":27}},"loc":{"start":{"line":471,"column":22},"end":{"line":480,"column":null}},"line":471},"30":{"name":"(anonymous_30)","decl":{"start":{"line":476,"column":33},"end":{"line":476,"column":39}},"loc":{"start":{"line":476,"column":39},"end":{"line":476,"column":null}},"line":476},"31":{"name":"(anonymous_31)","decl":{"start":{"line":493,"column":31},"end":{"line":493,"column":37}},"loc":{"start":{"line":493,"column":37},"end":{"line":493,"column":null}},"line":493},"32":{"name":"(anonymous_32)","decl":{"start":{"line":506,"column":30},"end":{"line":506,"column":31}},"loc":{"start":{"line":506,"column":37},"end":{"line":506,"column":null}},"line":506},"33":{"name":"(anonymous_33)","decl":{"start":{"line":524,"column":31},"end":{"line":524,"column":37}},"loc":{"start":{"line":524,"column":37},"end":{"line":524,"column":null}},"line":524},"34":{"name":"(anonymous_34)","decl":{"start":{"line":536,"column":49},"end":{"line":536,"column":50}},"loc":{"start":{"line":536,"column":56},"end":{"line":536,"column":78}},"line":536},"35":{"name":"(anonymous_35)","decl":{"start":{"line":554,"column":31},"end":{"line":554,"column":37}},"loc":{"start":{"line":554,"column":37},"end":{"line":554,"column":null}},"line":554},"36":{"name":"(anonymous_36)","decl":{"start":{"line":567,"column":30},"end":{"line":567,"column":31}},"loc":{"start":{"line":567,"column":37},"end":{"line":567,"column":null}},"line":567},"37":{"name":"(anonymous_37)","decl":{"start":{"line":585,"column":31},"end":{"line":585,"column":37}},"loc":{"start":{"line":585,"column":37},"end":{"line":585,"column":null}},"line":585},"38":{"name":"(anonymous_38)","decl":{"start":{"line":598,"column":30},"end":{"line":598,"column":31}},"loc":{"start":{"line":598,"column":37},"end":{"line":598,"column":null}},"line":598},"39":{"name":"(anonymous_39)","decl":{"start":{"line":642,"column":37},"end":{"line":642,"column":38}},"loc":{"start":{"line":643,"column":20},"end":{"line":664,"column":null}},"line":643},"40":{"name":"(anonymous_40)","decl":{"start":{"line":659,"column":42},"end":{"line":659,"column":43}},"loc":{"start":{"line":659,"column":49},"end":{"line":662,"column":null}},"line":659},"41":{"name":"(anonymous_41)","decl":{"start":{"line":672,"column":32},"end":{"line":672,"column":33}},"loc":{"start":{"line":672,"column":39},"end":{"line":672,"column":null}},"line":672},"42":{"name":"(anonymous_42)","decl":{"start":{"line":734,"column":27},"end":{"line":734,"column":39}},"loc":{"start":{"line":734,"column":39},"end":{"line":739,"column":null}},"line":734},"43":{"name":"(anonymous_43)","decl":{"start":{"line":762,"column":30},"end":{"line":762,"column":31}},"loc":{"start":{"line":762,"column":40},"end":{"line":797,"column":17}},"line":762},"44":{"name":"(anonymous_44)","decl":{"start":{"line":789,"column":33},"end":{"line":789,"column":34}},"loc":{"start":{"line":789,"column":40},"end":{"line":789,"column":null}},"line":789},"45":{"name":"(anonymous_45)","decl":{"start":{"line":790,"column":34},"end":{"line":790,"column":35}},"loc":{"start":{"line":790,"column":41},"end":{"line":793,"column":null}},"line":790},"46":{"name":"(anonymous_46)","decl":{"start":{"line":815,"column":27},"end":{"line":815,"column":33}},"loc":{"start":{"line":815,"column":33},"end":{"line":815,"column":null}},"line":815},"47":{"name":"(anonymous_47)","decl":{"start":{"line":867,"column":29},"end":{"line":867,"column":41}},"loc":{"start":{"line":867,"column":41},"end":{"line":872,"column":null}},"line":867},"48":{"name":"(anonymous_48)","decl":{"start":{"line":890,"column":28},"end":{"line":890,"column":29}},"loc":{"start":{"line":890,"column":46},"end":{"line":928,"column":17}},"line":890},"49":{"name":"(anonymous_49)","decl":{"start":{"line":915,"column":33},"end":{"line":915,"column":34}},"loc":{"start":{"line":915,"column":40},"end":{"line":915,"column":null}},"line":915},"50":{"name":"(anonymous_50)","decl":{"start":{"line":917,"column":34},"end":{"line":917,"column":41}},"loc":{"start":{"line":917,"column":47},"end":{"line":921,"column":null}},"line":917},"51":{"name":"(anonymous_51)","decl":{"start":{"line":946,"column":27},"end":{"line":946,"column":33}},"loc":{"start":{"line":946,"column":33},"end":{"line":946,"column":null}},"line":946},"52":{"name":"(anonymous_52)","decl":{"start":{"line":958,"column":24},"end":{"line":958,"column":25}},"loc":{"start":{"line":959,"column":4},"end":{"line":1010,"column":null}},"line":959},"53":{"name":"(anonymous_53)","decl":{"start":{"line":967,"column":15},"end":{"line":967,"column":21}},"loc":{"start":{"line":967,"column":21},"end":{"line":972,"column":null}},"line":967},"54":{"name":"(anonymous_54)","decl":{"start":{"line":1017,"column":17},"end":{"line":1017,"column":23}},"loc":{"start":{"line":1017,"column":23},"end":{"line":1017,"column":null}},"line":1017},"55":{"name":"(anonymous_55)","decl":{"start":{"line":1032,"column":23},"end":{"line":1032,"column":29}},"loc":{"start":{"line":1032,"column":29},"end":{"line":1038,"column":null}},"line":1032},"56":{"name":"(anonymous_56)","decl":{"start":{"line":1058,"column":28},"end":{"line":1058,"column":29}},"loc":{"start":{"line":1058,"column":35},"end":{"line":1062,"column":null}},"line":1058},"57":{"name":"(anonymous_57)","decl":{"start":{"line":1082,"column":25},"end":{"line":1082,"column":31}},"loc":{"start":{"line":1082,"column":31},"end":{"line":1082,"column":null}},"line":1082},"58":{"name":"(anonymous_58)","decl":{"start":{"line":1095,"column":25},"end":{"line":1095,"column":31}},"loc":{"start":{"line":1095,"column":31},"end":{"line":1095,"column":null}},"line":1095},"59":{"name":"(anonymous_59)","decl":{"start":{"line":1108,"column":25},"end":{"line":1108,"column":31}},"loc":{"start":{"line":1108,"column":31},"end":{"line":1108,"column":null}},"line":1108},"60":{"name":"(anonymous_60)","decl":{"start":{"line":1126,"column":27},"end":{"line":1126,"column":33}},"loc":{"start":{"line":1126,"column":33},"end":{"line":1126,"column":null}},"line":1126},"61":{"name":"(anonymous_61)","decl":{"start":{"line":1149,"column":33},"end":{"line":1149,"column":39}},"loc":{"start":{"line":1149,"column":39},"end":{"line":1149,"column":null}},"line":1149},"62":{"name":"(anonymous_62)","decl":{"start":{"line":1172,"column":37},"end":{"line":1172,"column":43}},"loc":{"start":{"line":1172,"column":43},"end":{"line":1176,"column":null}},"line":1172},"63":{"name":"(anonymous_63)","decl":{"start":{"line":1192,"column":25},"end":{"line":1192,"column":31}},"loc":{"start":{"line":1192,"column":31},"end":{"line":1192,"column":null}},"line":1192},"64":{"name":"(anonymous_64)","decl":{"start":{"line":1201,"column":23},"end":{"line":1201,"column":29}},"loc":{"start":{"line":1201,"column":29},"end":{"line":1201,"column":null}},"line":1201},"65":{"name":"(anonymous_65)","decl":{"start":{"line":1251,"column":21},"end":{"line":1251,"column":27}},"loc":{"start":{"line":1251,"column":27},"end":{"line":1251,"column":null}},"line":1251},"66":{"name":"App","decl":{"start":{"line":1285,"column":24},"end":{"line":1285,"column":30}},"loc":{"start":{"line":1285,"column":30},"end":{"line":1297,"column":null}},"line":1285}},"branchMap":{"0":{"loc":{"start":{"line":56,"column":2},"end":{"line":58,"column":null}},"type":"if","locations":[{"start":{"line":56,"column":2},"end":{"line":58,"column":null}},{"start":{},"end":{}}],"line":56},"1":{"loc":{"start":{"line":66,"column":11},"end":{"line":68,"column":null}},"type":"cond-expr","locations":[{"start":{"line":67,"column":8},"end":{"line":67,"column":null}},{"start":{"line":68,"column":8},"end":{"line":68,"column":null}}],"line":66},"2":{"loc":{"start":{"line":66,"column":11},"end":{"line":66,"column":null}},"type":"binary-expr","locations":[{"start":{"line":66,"column":11},"end":{"line":66,"column":20}},{"start":{"line":66,"column":20},"end":{"line":66,"column":null}}],"line":66},"3":{"loc":{"start":{"line":116,"column":4},"end":{"line":118,"column":null}},"type":"if","locations":[{"start":{"line":116,"column":4},"end":{"line":118,"column":null}},{"start":{},"end":{}}],"line":116},"4":{"loc":{"start":{"line":116,"column":8},"end":{"line":116,"column":31}},"type":"binary-expr","locations":[{"start":{"line":116,"column":8},"end":{"line":116,"column":16}},{"start":{"line":116,"column":16},"end":{"line":116,"column":31}}],"line":116},"5":{"loc":{"start":{"line":133,"column":8},"end":{"line":133,"column":null}},"type":"cond-expr","locations":[{"start":{"line":133,"column":33},"end":{"line":133,"column":49}},{"start":{"line":133,"column":49},"end":{"line":133,"column":null}}],"line":133},"6":{"loc":{"start":{"line":167,"column":6},"end":{"line":174,"column":null}},"type":"if","locations":[{"start":{"line":167,"column":6},"end":{"line":174,"column":null}},{"start":{},"end":{}}],"line":167},"7":{"loc":{"start":{"line":167,"column":10},"end":{"line":167,"column":38}},"type":"binary-expr","locations":[{"start":{"line":167,"column":10},"end":{"line":167,"column":20}},{"start":{"line":167,"column":20},"end":{"line":167,"column":38}}],"line":167},"8":{"loc":{"start":{"line":168,"column":8},"end":{"line":172,"column":null}},"type":"if","locations":[{"start":{"line":168,"column":8},"end":{"line":172,"column":null}},{"start":{},"end":{}}],"line":168},"9":{"loc":{"start":{"line":177,"column":8},"end":{"line":177,"column":null}},"type":"if","locations":[{"start":{"line":177,"column":8},"end":{"line":177,"column":null}},{"start":{},"end":{}}],"line":177},"10":{"loc":{"start":{"line":181,"column":8},"end":{"line":181,"column":null}},"type":"if","locations":[{"start":{"line":181,"column":8},"end":{"line":181,"column":null}},{"start":{},"end":{}}],"line":181},"11":{"loc":{"start":{"line":183,"column":22},"end":{"line":183,"column":null}},"type":"cond-expr","locations":[{"start":{"line":183,"column":50},"end":{"line":183,"column":63}},{"start":{"line":183,"column":63},"end":{"line":183,"column":null}}],"line":183},"12":{"loc":{"start":{"line":187,"column":44},"end":{"line":187,"column":68}},"type":"binary-expr","locations":[{"start":{"line":187,"column":44},"end":{"line":187,"column":67}},{"start":{"line":187,"column":67},"end":{"line":187,"column":68}}],"line":187},"13":{"loc":{"start":{"line":190,"column":41},"end":{"line":190,"column":108}},"type":"binary-expr","locations":[{"start":{"line":190,"column":41},"end":{"line":190,"column":61}},{"start":{"line":190,"column":61},"end":{"line":190,"column":107}},{"start":{"line":190,"column":107},"end":{"line":190,"column":108}}],"line":190},"14":{"loc":{"start":{"line":195,"column":30},"end":{"line":195,"column":54}},"type":"binary-expr","locations":[{"start":{"line":195,"column":30},"end":{"line":195,"column":43}},{"start":{"line":195,"column":43},"end":{"line":195,"column":54}}],"line":195},"15":{"loc":{"start":{"line":200,"column":8},"end":{"line":200,"column":null}},"type":"if","locations":[{"start":{"line":200,"column":8},"end":{"line":200,"column":null}},{"start":{},"end":{}}],"line":200},"16":{"loc":{"start":{"line":202,"column":8},"end":{"line":202,"column":null}},"type":"if","locations":[{"start":{"line":202,"column":8},"end":{"line":202,"column":null}},{"start":{},"end":{}}],"line":202},"17":{"loc":{"start":{"line":215,"column":4},"end":{"line":219,"column":null}},"type":"if","locations":[{"start":{"line":215,"column":4},"end":{"line":219,"column":null}},{"start":{},"end":{}}],"line":215},"18":{"loc":{"start":{"line":215,"column":8},"end":{"line":215,"column":72}},"type":"binary-expr","locations":[{"start":{"line":215,"column":8},"end":{"line":215,"column":27}},{"start":{"line":215,"column":27},"end":{"line":215,"column":60}},{"start":{"line":215,"column":60},"end":{"line":215,"column":72}}],"line":215},"19":{"loc":{"start":{"line":231,"column":4},"end":{"line":233,"column":null}},"type":"if","locations":[{"start":{"line":231,"column":4},"end":{"line":233,"column":null}},{"start":{},"end":{}}],"line":231},"20":{"loc":{"start":{"line":237,"column":21},"end":{"line":237,"column":null}},"type":"binary-expr","locations":[{"start":{"line":237,"column":21},"end":{"line":237,"column":52}},{"start":{"line":237,"column":52},"end":{"line":237,"column":null}}],"line":237},"21":{"loc":{"start":{"line":238,"column":21},"end":{"line":238,"column":null}},"type":"binary-expr","locations":[{"start":{"line":238,"column":21},"end":{"line":238,"column":52}},{"start":{"line":238,"column":52},"end":{"line":238,"column":null}}],"line":238},"22":{"loc":{"start":{"line":240,"column":6},"end":{"line":249,"column":null}},"type":"switch","locations":[{"start":{"line":241,"column":8},"end":{"line":242,"column":null}},{"start":{"line":243,"column":8},"end":{"line":244,"column":null}},{"start":{"line":245,"column":8},"end":{"line":246,"column":null}},{"start":{"line":247,"column":8},"end":{"line":248,"column":null}}],"line":240},"23":{"loc":{"start":{"line":246,"column":18},"end":{"line":246,"column":36}},"type":"binary-expr","locations":[{"start":{"line":246,"column":18},"end":{"line":246,"column":30}},{"start":{"line":246,"column":30},"end":{"line":246,"column":36}}],"line":246},"24":{"loc":{"start":{"line":246,"column":36},"end":{"line":246,"column":null}},"type":"binary-expr","locations":[{"start":{"line":246,"column":36},"end":{"line":246,"column":48}},{"start":{"line":246,"column":48},"end":{"line":246,"column":null}}],"line":246},"25":{"loc":{"start":{"line":259,"column":10},"end":{"line":259,"column":null}},"type":"binary-expr","locations":[{"start":{"line":259,"column":10},"end":{"line":259,"column":40}},{"start":{"line":259,"column":40},"end":{"line":259,"column":62}},{"start":{"line":259,"column":62},"end":{"line":259,"column":null}}],"line":259},"26":{"loc":{"start":{"line":261,"column":8},"end":{"line":266,"column":null}},"type":"binary-expr","locations":[{"start":{"line":261,"column":8},"end":{"line":261,"column":null}},{"start":{"line":262,"column":8},"end":{"line":262,"column":null}},{"start":{"line":263,"column":8},"end":{"line":263,"column":null}},{"start":{"line":264,"column":8},"end":{"line":264,"column":null}},{"start":{"line":265,"column":8},"end":{"line":265,"column":null}},{"start":{"line":266,"column":8},"end":{"line":266,"column":null}}],"line":261},"27":{"loc":{"start":{"line":268,"column":8},"end":{"line":272,"column":null}},"type":"binary-expr","locations":[{"start":{"line":268,"column":8},"end":{"line":268,"column":null}},{"start":{"line":269,"column":8},"end":{"line":269,"column":null}},{"start":{"line":270,"column":8},"end":{"line":270,"column":null}},{"start":{"line":271,"column":8},"end":{"line":271,"column":null}},{"start":{"line":272,"column":8},"end":{"line":272,"column":null}}],"line":268},"28":{"loc":{"start":{"line":274,"column":8},"end":{"line":276,"column":null}},"type":"binary-expr","locations":[{"start":{"line":274,"column":8},"end":{"line":274,"column":null}},{"start":{"line":275,"column":8},"end":{"line":275,"column":null}},{"start":{"line":276,"column":8},"end":{"line":276,"column":null}}],"line":274},"29":{"loc":{"start":{"line":326,"column":4},"end":{"line":326,"column":null}},"type":"binary-expr","locations":[{"start":{"line":326,"column":4},"end":{"line":326,"column":26}},{"start":{"line":326,"column":26},"end":{"line":326,"column":null}}],"line":326},"30":{"loc":{"start":{"line":329,"column":4},"end":{"line":333,"column":null}},"type":"if","locations":[{"start":{"line":329,"column":4},"end":{"line":333,"column":null}},{"start":{},"end":{}}],"line":329},"31":{"loc":{"start":{"line":338,"column":16},"end":{"line":338,"column":74}},"type":"cond-expr","locations":[{"start":{"line":338,"column":27},"end":{"line":338,"column":50}},{"start":{"line":338,"column":50},"end":{"line":338,"column":74}}],"line":338},"32":{"loc":{"start":{"line":345,"column":4},"end":{"line":349,"column":null}},"type":"if","locations":[{"start":{"line":345,"column":4},"end":{"line":349,"column":null}},{"start":{},"end":{}}],"line":345},"33":{"loc":{"start":{"line":354,"column":2},"end":{"line":356,"column":null}},"type":"if","locations":[{"start":{"line":354,"column":2},"end":{"line":356,"column":null}},{"start":{},"end":{}}],"line":354},"34":{"loc":{"start":{"line":395,"column":6},"end":{"line":406,"column":null}},"type":"if","locations":[{"start":{"line":395,"column":6},"end":{"line":406,"column":null}},{"start":{},"end":{}}],"line":395},"35":{"loc":{"start":{"line":408,"column":4},"end":{"line":955,"column":null}},"type":"switch","locations":[{"start":{"line":409,"column":6},"end":{"line":694,"column":null}},{"start":{"line":697,"column":6},"end":{"line":703,"column":null}},{"start":{"line":706,"column":6},"end":{"line":822,"column":null}},{"start":{"line":824,"column":6},"end":{"line":953,"column":null}}],"line":408},"36":{"loc":{"start":{"line":426,"column":19},"end":{"line":426,"column":null}},"type":"binary-expr","locations":[{"start":{"line":426,"column":19},"end":{"line":426,"column":59}},{"start":{"line":426,"column":59},"end":{"line":426,"column":null}}],"line":426},"37":{"loc":{"start":{"line":452,"column":13},"end":{"line":614,"column":null}},"type":"binary-expr","locations":[{"start":{"line":452,"column":13},"end":{"line":452,"column":null}},{"start":{"line":453,"column":14},"end":{"line":614,"column":null}}],"line":452},"38":{"loc":{"start":{"line":617,"column":13},"end":{"line":692,"column":null}},"type":"binary-expr","locations":[{"start":{"line":617,"column":13},"end":{"line":617,"column":null}},{"start":{"line":618,"column":14},"end":{"line":692,"column":null}}],"line":617},"39":{"loc":{"start":{"line":675,"column":17},"end":{"line":690,"column":null}},"type":"binary-expr","locations":[{"start":{"line":675,"column":17},"end":{"line":675,"column":null}},{"start":{"line":676,"column":18},"end":{"line":690,"column":null}}],"line":675},"40":{"loc":{"start":{"line":732,"column":15},"end":{"line":744,"column":null}},"type":"binary-expr","locations":[{"start":{"line":732,"column":15},"end":{"line":732,"column":null}},{"start":{"line":733,"column":16},"end":{"line":744,"column":null}}],"line":732},"41":{"loc":{"start":{"line":735,"column":20},"end":{"line":738,"column":null}},"type":"if","locations":[{"start":{"line":735,"column":20},"end":{"line":738,"column":null}},{"start":{},"end":{}}],"line":735},"42":{"loc":{"start":{"line":748,"column":13},"end":{"line":820,"column":null}},"type":"cond-expr","locations":[{"start":{"line":749,"column":14},"end":{"line":754,"column":null}},{"start":{"line":755,"column":16},"end":{"line":820,"column":null}}],"line":748},"43":{"loc":{"start":{"line":755,"column":16},"end":{"line":820,"column":null}},"type":"cond-expr","locations":[{"start":{"line":756,"column":14},"end":{"line":798,"column":null}},{"start":{"line":800,"column":14},"end":{"line":820,"column":null}}],"line":755},"44":{"loc":{"start":{"line":767,"column":26},"end":{"line":767,"column":null}},"type":"binary-expr","locations":[{"start":{"line":767,"column":26},"end":{"line":767,"column":47}},{"start":{"line":767,"column":47},"end":{"line":767,"column":null}}],"line":767},"45":{"loc":{"start":{"line":768,"column":30},"end":{"line":768,"column":null}},"type":"binary-expr","locations":[{"start":{"line":768,"column":30},"end":{"line":768,"column":51}},{"start":{"line":768,"column":51},"end":{"line":768,"column":null}}],"line":768},"46":{"loc":{"start":{"line":769,"column":36},"end":{"line":769,"column":null}},"type":"binary-expr","locations":[{"start":{"line":769,"column":36},"end":{"line":769,"column":59}},{"start":{"line":769,"column":59},"end":{"line":769,"column":null}}],"line":769},"47":{"loc":{"start":{"line":777,"column":27},"end":{"line":777,"column":null}},"type":"binary-expr","locations":[{"start":{"line":777,"column":27},"end":{"line":777,"column":46}},{"start":{"line":777,"column":46},"end":{"line":777,"column":null}}],"line":777},"48":{"loc":{"start":{"line":854,"column":15},"end":{"line":878,"column":null}},"type":"binary-expr","locations":[{"start":{"line":854,"column":15},"end":{"line":854,"column":null}},{"start":{"line":855,"column":16},"end":{"line":878,"column":null}}],"line":854},"49":{"loc":{"start":{"line":862,"column":21},"end":{"line":864,"column":null}},"type":"cond-expr","locations":[{"start":{"line":863,"column":24},"end":{"line":863,"column":null}},{"start":{"line":864,"column":24},"end":{"line":864,"column":null}}],"line":862},"50":{"loc":{"start":{"line":868,"column":22},"end":{"line":871,"column":null}},"type":"if","locations":[{"start":{"line":868,"column":22},"end":{"line":871,"column":null}},{"start":{},"end":{}}],"line":868},"51":{"loc":{"start":{"line":882,"column":13},"end":{"line":951,"column":null}},"type":"cond-expr","locations":[{"start":{"line":883,"column":14},"end":{"line":929,"column":null}},{"start":{"line":931,"column":14},"end":{"line":951,"column":null}}],"line":882},"52":{"loc":{"start":{"line":895,"column":30},"end":{"line":895,"column":null}},"type":"binary-expr","locations":[{"start":{"line":895,"column":30},"end":{"line":895,"column":52}},{"start":{"line":895,"column":52},"end":{"line":895,"column":null}}],"line":895},"53":{"loc":{"start":{"line":896,"column":26},"end":{"line":896,"column":null}},"type":"binary-expr","locations":[{"start":{"line":896,"column":26},"end":{"line":896,"column":48}},{"start":{"line":896,"column":48},"end":{"line":896,"column":null}}],"line":896},"54":{"loc":{"start":{"line":897,"column":36},"end":{"line":897,"column":null}},"type":"binary-expr","locations":[{"start":{"line":897,"column":36},"end":{"line":897,"column":60}},{"start":{"line":897,"column":60},"end":{"line":897,"column":null}}],"line":897},"55":{"loc":{"start":{"line":964,"column":10},"end":{"line":964,"column":null}},"type":"cond-expr","locations":[{"start":{"line":964,"column":29},"end":{"line":964,"column":56}},{"start":{"line":964,"column":56},"end":{"line":964,"column":null}}],"line":964},"56":{"loc":{"start":{"line":975,"column":10},"end":{"line":977,"column":null}},"type":"cond-expr","locations":[{"start":{"line":976,"column":14},"end":{"line":976,"column":null}},{"start":{"line":977,"column":14},"end":{"line":977,"column":null}}],"line":975},"57":{"loc":{"start":{"line":975,"column":10},"end":{"line":975,"column":null}},"type":"binary-expr","locations":[{"start":{"line":975,"column":10},"end":{"line":975,"column":31}},{"start":{"line":975,"column":31},"end":{"line":975,"column":null}}],"line":975},"58":{"loc":{"start":{"line":984,"column":21},"end":{"line":984,"column":null}},"type":"cond-expr","locations":[{"start":{"line":984,"column":69},"end":{"line":984,"column":73}},{"start":{"line":984,"column":73},"end":{"line":984,"column":null}}],"line":984},"59":{"loc":{"start":{"line":984,"column":21},"end":{"line":984,"column":69}},"type":"binary-expr","locations":[{"start":{"line":984,"column":21},"end":{"line":984,"column":42}},{"start":{"line":984,"column":42},"end":{"line":984,"column":69}}],"line":984},"60":{"loc":{"start":{"line":988,"column":7},"end":{"line":993,"column":null}},"type":"binary-expr","locations":[{"start":{"line":988,"column":7},"end":{"line":988,"column":29}},{"start":{"line":988,"column":29},"end":{"line":988,"column":null}},{"start":{"line":989,"column":8},"end":{"line":993,"column":null}}],"line":988},"61":{"loc":{"start":{"line":990,"column":93},"end":{"line":990,"column":215}},"type":"cond-expr","locations":[{"start":{"line":990,"column":141},"end":{"line":990,"column":168}},{"start":{"line":990,"column":168},"end":{"line":990,"column":215}}],"line":990},"62":{"loc":{"start":{"line":990,"column":93},"end":{"line":990,"column":141}},"type":"binary-expr","locations":[{"start":{"line":990,"column":93},"end":{"line":990,"column":114}},{"start":{"line":990,"column":114},"end":{"line":990,"column":141}}],"line":990},"63":{"loc":{"start":{"line":995,"column":7},"end":{"line":1000,"column":null}},"type":"binary-expr","locations":[{"start":{"line":995,"column":7},"end":{"line":995,"column":27}},{"start":{"line":995,"column":27},"end":{"line":995,"column":null}},{"start":{"line":996,"column":8},"end":{"line":1000,"column":null}}],"line":995},"64":{"loc":{"start":{"line":997,"column":93},"end":{"line":997,"column":206}},"type":"cond-expr","locations":[{"start":{"line":997,"column":141},"end":{"line":997,"column":168}},{"start":{"line":997,"column":168},"end":{"line":997,"column":206}}],"line":997},"65":{"loc":{"start":{"line":997,"column":93},"end":{"line":997,"column":141}},"type":"binary-expr","locations":[{"start":{"line":997,"column":93},"end":{"line":997,"column":114}},{"start":{"line":997,"column":114},"end":{"line":997,"column":141}}],"line":997},"66":{"loc":{"start":{"line":1003,"column":7},"end":{"line":1008,"column":null}},"type":"binary-expr","locations":[{"start":{"line":1003,"column":7},"end":{"line":1003,"column":28}},{"start":{"line":1003,"column":28},"end":{"line":1003,"column":null}},{"start":{"line":1004,"column":8},"end":{"line":1008,"column":null}}],"line":1003},"67":{"loc":{"start":{"line":1047,"column":12},"end":{"line":1064,"column":null}},"type":"binary-expr","locations":[{"start":{"line":1050,"column":14},"end":{"line":1050,"column":40}},{"start":{"line":1050,"column":40},"end":{"line":1050,"column":null}},{"start":{"line":1051,"column":14},"end":{"line":1064,"column":null}}],"line":1047},"68":{"loc":{"start":{"line":1060,"column":20},"end":{"line":1060,"column":null}},"type":"if","locations":[{"start":{"line":1060,"column":20},"end":{"line":1060,"column":null}},{"start":{},"end":{}}],"line":1060},"69":{"loc":{"start":{"line":1061,"column":20},"end":{"line":1061,"column":null}},"type":"if","locations":[{"start":{"line":1061,"column":20},"end":{"line":1061,"column":null}},{"start":{},"end":{}}],"line":1061},"70":{"loc":{"start":{"line":1075,"column":23},"end":{"line":1075,"column":null}},"type":"cond-expr","locations":[{"start":{"line":1075,"column":43},"end":{"line":1075,"column":57}},{"start":{"line":1075,"column":57},"end":{"line":1075,"column":null}}],"line":1075},"71":{"loc":{"start":{"line":1077,"column":17},"end":{"line":1077,"column":null}},"type":"cond-expr","locations":[{"start":{"line":1077,"column":37},"end":{"line":1077,"column":58}},{"start":{"line":1077,"column":58},"end":{"line":1077,"column":null}}],"line":1077},"72":{"loc":{"start":{"line":1082,"column":43},"end":{"line":1082,"column":74}},"type":"cond-expr","locations":[{"start":{"line":1082,"column":63},"end":{"line":1082,"column":70}},{"start":{"line":1082,"column":70},"end":{"line":1082,"column":74}}],"line":1082},"73":{"loc":{"start":{"line":1096,"column":71},"end":{"line":1096,"column":217}},"type":"cond-expr","locations":[{"start":{"line":1096,"column":98},"end":{"line":1096,"column":158}},{"start":{"line":1096,"column":158},"end":{"line":1096,"column":217}}],"line":1096},"74":{"loc":{"start":{"line":1099,"column":17},"end":{"line":1102,"column":null}},"type":"binary-expr","locations":[{"start":{"line":1099,"column":17},"end":{"line":1099,"column":null}},{"start":{"line":1100,"column":18},"end":{"line":1102,"column":null}}],"line":1099},"75":{"loc":{"start":{"line":1109,"column":71},"end":{"line":1109,"column":214}},"type":"cond-expr","locations":[{"start":{"line":1109,"column":96},"end":{"line":1109,"column":155}},{"start":{"line":1109,"column":155},"end":{"line":1109,"column":214}}],"line":1109},"76":{"loc":{"start":{"line":1112,"column":17},"end":{"line":1115,"column":null}},"type":"binary-expr","locations":[{"start":{"line":1112,"column":17},"end":{"line":1112,"column":null}},{"start":{"line":1113,"column":18},"end":{"line":1115,"column":null}}],"line":1112},"77":{"loc":{"start":{"line":1122,"column":13},"end":{"line":1197,"column":null}},"type":"cond-expr","locations":[{"start":{"line":1123,"column":14},"end":{"line":1187,"column":null}},{"start":{"line":1189,"column":14},"end":{"line":1197,"column":null}}],"line":1122},"78":{"loc":{"start":{"line":1131,"column":23},"end":{"line":1131,"column":null}},"type":"binary-expr","locations":[{"start":{"line":1131,"column":23},"end":{"line":1131,"column":41}},{"start":{"line":1131,"column":41},"end":{"line":1131,"column":null}}],"line":1131},"79":{"loc":{"start":{"line":1138,"column":21},"end":{"line":1138,"column":null}},"type":"binary-expr","locations":[{"start":{"line":1138,"column":21},"end":{"line":1138,"column":44}},{"start":{"line":1138,"column":44},"end":{"line":1138,"column":null}}],"line":1138},"80":{"loc":{"start":{"line":1144,"column":19},"end":{"line":1184,"column":null}},"type":"binary-expr","locations":[{"start":{"line":1144,"column":19},"end":{"line":1144,"column":null}},{"start":{"line":1145,"column":20},"end":{"line":1184,"column":null}}],"line":1144},"81":{"loc":{"start":{"line":1163,"column":31},"end":{"line":1163,"column":null}},"type":"binary-expr","locations":[{"start":{"line":1163,"column":31},"end":{"line":1163,"column":49}},{"start":{"line":1163,"column":49},"end":{"line":1163,"column":null}}],"line":1163},"82":{"loc":{"start":{"line":1204,"column":15},"end":{"line":1204,"column":null}},"type":"cond-expr","locations":[{"start":{"line":1204,"column":34},"end":{"line":1204,"column":52}},{"start":{"line":1204,"column":52},"end":{"line":1204,"column":null}}],"line":1204},"83":{"loc":{"start":{"line":1215,"column":12},"end":{"line":1215,"column":95}},"type":"cond-expr","locations":[{"start":{"line":1215,"column":31},"end":{"line":1215,"column":49}},{"start":{"line":1215,"column":49},"end":{"line":1215,"column":95}}],"line":1215},"84":{"loc":{"start":{"line":1248,"column":9},"end":{"line":1252,"column":null}},"type":"binary-expr","locations":[{"start":{"line":1248,"column":9},"end":{"line":1248,"column":null}},{"start":{"line":1249,"column":10},"end":{"line":1252,"column":null}}],"line":1248},"85":{"loc":{"start":{"line":1259,"column":19},"end":{"line":1259,"column":null}},"type":"cond-expr","locations":[{"start":{"line":1259,"column":37},"end":{"line":1259,"column":48}},{"start":{"line":1259,"column":48},"end":{"line":1259,"column":null}}],"line":1259},"86":{"loc":{"start":{"line":1272,"column":19},"end":{"line":1272,"column":null}},"type":"cond-expr","locations":[{"start":{"line":1272,"column":45},"end":{"line":1272,"column":64}},{"start":{"line":1272,"column":64},"end":{"line":1272,"column":null}}],"line":1272},"87":{"loc":{"start":{"line":1274,"column":16},"end":{"line":1274,"column":null}},"type":"binary-expr","locations":[{"start":{"line":1274,"column":16},"end":{"line":1274,"column":28}},{"start":{"line":1274,"column":28},"end":{"line":1274,"column":null}}],"line":1274},"88":{"loc":{"start":{"line":1276,"column":10},"end":{"line":1278,"column":null}},"type":"binary-expr","locations":[{"start":{"line":1276,"column":10},"end":{"line":1276,"column":null}},{"start":{"line":1277,"column":10},"end":{"line":1277,"column":null}},{"start":{"line":1278,"column":10},"end":{"line":1278,"column":null}}],"line":1276}},"s":{"0":0,"1":0,"2":0,"3":0,"4":0,"5":0,"6":0,"7":0,"8":0,"9":0,"10":0,"11":0,"12":0,"13":0,"14":0,"15":0,"16":0,"17":0,"18":0,"19":0,"20":0,"21":0,"22":0,"23":0,"24":0,"25":0,"26":0,"27":0,"28":0,"29":0,"30":0,"31":0,"32":0,"33":0,"34":0,"35":0,"36":0,"37":0,"38":0,"39":0,"40":0,"41":0,"42":0,"43":0,"44":0,"45":0,"46":0,"47":0,"48":0,"49":0,"50":0,"51":0,"52":0,"53":0,"54":0,"55":0,"56":0,"57":0,"58":0,"59":0,"60":0,"61":0,"62":0,"63":0,"64":0,"65":0,"66":0,"67":0,"68":0,"69":0,"70":0,"71":0,"72":0,"73":0,"74":0,"75":0,"76":0,"77":0,"78":0,"79":0,"80":0,"81":0,"82":0,"83":0,"84":0,"85":0,"86":0,"87":0,"88":0,"89":0,"90":0,"91":0,"92":0,"93":0,"94":0,"95":0,"96":0,"97":0,"98":0,"99":0,"100":0,"101":0,"102":0,"103":0,"104":0,"105":0,"106":0,"107":0,"108":0,"109":0,"110":0,"111":0,"112":0,"113":0,"114":0,"115":0,"116":0,"117":0,"118":0,"119":0,"120":0,"121":0,"122":0,"123":0,"124":0,"125":0,"126":0,"127":0,"128":0,"129":0,"130":0,"131":0,"132":0,"133":0,"134":0,"135":0,"136":0,"137":0,"138":0,"139":0,"140":0,"141":0,"142":0,"143":0,"144":0,"145":0,"146":0,"147":0,"148":0,"149":0,"150":0,"151":0,"152":0,"153":0,"154":0,"155":0,"156":0,"157":0,"158":0,"159":0,"160":0,"161":0,"162":0,"163":0,"164":0,"165":0,"166":0,"167":0,"168":0,"169":0,"170":0,"171":0,"172":0,"173":0,"174":0,"175":0,"176":0,"177":0,"178":0,"179":0,"180":0,"181":0,"182":0,"183":0,"184":0,"185":0,"186":0,"187":0,"188":0,"189":0,"190":0,"191":0,"192":0,"193":0,"194":0,"195":0,"196":0,"197":0,"198":0,"199":0,"200":0,"201":0,"202":0,"203":0,"204":0,"205":0,"206":0,"207":0,"208":0},"f":{"0":0,"1":0,"2":0,"3":0,"4":0,"5":0,"6":0,"7":0,"8":0,"9":0,"10":0,"11":0,"12":0,"13":0,"14":0,"15":0,"16":0,"17":0,"18":0,"19":0,"20":0,"21":0,"22":0,"23":0,"24":0,"25":0,"26":0,"27":0,"28":0,"29":0,"30":0,"31":0,"32":0,"33":0,"34":0,"35":0,"36":0,"37":0,"38":0,"39":0,"40":0,"41":0,"42":0,"43":0,"44":0,"45":0,"46":0,"47":0,"48":0,"49":0,"50":0,"51":0,"52":0,"53":0,"54":0,"55":0,"56":0,"57":0,"58":0,"59":0,"60":0,"61":0,"62":0,"63":0,"64":0,"65":0,"66":0},"b":{"0":[0,0],"1":[0,0],"2":[0,0],"3":[0,0],"4":[0,0],"5":[0,0],"6":[0,0],"7":[0,0],"8":[0,0],"9":[0,0],"10":[0,0],"11":[0,0],"12":[0,0],"13":[0,0,0],"14":[0,0],"15":[0,0],"16":[0,0],"17":[0,0],"18":[0,0,0],"19":[0,0],"20":[0,0],"21":[0,0],"22":[0,0,0,0],"23":[0,0],"24":[0,0],"25":[0,0,0],"26":[0,0,0,0,0,0],"27":[0,0,0,0,0],"28":[0,0,0],"29":[0,0],"30":[0,0],"31":[0,0],"32":[0,0],"33":[0,0],"34":[0,0],"35":[0,0,0,0],"36":[0,0],"37":[0,0],"38":[0,0],"39":[0,0],"40":[0,0],"41":[0,0],"42":[0,0],"43":[0,0],"44":[0,0],"45":[0,0],"46":[0,0],"47":[0,0],"48":[0,0],"49":[0,0],"50":[0,0],"51":[0,0],"52":[0,0],"53":[0,0],"54":[0,0],"55":[0,0],"56":[0,0],"57":[0,0],"58":[0,0],"59":[0,0],"60":[0,0,0],"61":[0,0],"62":[0,0],"63":[0,0,0],"64":[0,0],"65":[0,0],"66":[0,0,0],"67":[0,0,0],"68":[0,0],"69":[0,0],"70":[0,0],"71":[0,0],"72":[0,0],"73":[0,0],"74":[0,0],"75":[0,0],"76":[0,0],"77":[0,0],"78":[0,0],"79":[0,0],"80":[0,0],"81":[0,0],"82":[0,0],"83":[0,0],"84":[0,0],"85":[0,0],"86":[0,0],"87":[0,0],"88":[0,0,0]},"meta":{"lastBranch":89,"lastFunction":67,"lastStatement":209,"seen":{"f:54:9:54:22":0,"s:55:30:55:Infinity":0,"b:56:2:58:Infinity:undefined:undefined:undefined:undefined":0,"s:56:2:58:Infinity":1,"s:57:4:57:Infinity":2,"s:61:38:63:Infinity":3,"f:61:60:61:66":1,"s:62:4:62:Infinity":4,"s:64:32:69:Infinity":5,"f:64:50:64:56":2,"s:65:18:65:Infinity":6,"s:66:4:68:Infinity":7,"b:67:8:67:Infinity:68:8:68:Infinity":1,"b:66:11:66:20:66:20:66:Infinity":2,"s:72:2:74:Infinity":8,"f:72:12:72:18":3,"s:73:4:73:Infinity":9,"s:77:2:79:Infinity":10,"f:77:12:77:18":4,"s:78:4:78:Infinity":11,"s:81:36:81:Infinity":12,"s:82:44:82:Infinity":13,"s:83:46:83:Infinity":14,"s:84:38:84:Infinity":15,"s:85:44:85:Infinity":16,"s:86:26:86:Infinity":17,"s:88:2:90:Infinity":18,"f:88:12:88:18":5,"s:89:4:89:Infinity":19,"s:92:48:92:Infinity":20,"s:108:2:108:Infinity":21,"s:109:29:109:Infinity":22,"s:110:35:110:Infinity":23,"s:111:20:111:Infinity":24,"s:112:50:112:Infinity":25,"s:115:2:119:Infinity":26,"f:115:12:115:18":6,"b:116:4:118:Infinity:undefined:undefined:undefined:undefined":3,"s:116:4:118:Infinity":27,"b:116:8:116:16:116:16:116:31":4,"s:117:6:117:Infinity":28,"s:121:29:124:Infinity":29,"f:121:29:121:30":7,"s:122:4:122:Infinity":30,"s:123:4:123:Infinity":31,"s:126:34:139:Infinity":32,"f:126:34:126:46":8,"s:127:4:127:Infinity":33,"s:128:4:138:Infinity":34,"s:129:6:129:Infinity":35,"s:130:6:130:Infinity":36,"s:132:6:135:Infinity":37,"b:133:33:133:49:133:49:133:Infinity":5,"s:137:6:137:Infinity":38,"s:141:21:147:Infinity":39,"s:149:46:149:Infinity":40,"s:150:60:152:Infinity":41,"s:153:32:153:Infinity":42,"s:154:48:154:Infinity":43,"s:156:36:156:Infinity":44,"s:158:17:158:Infinity":45,"s:159:34:159:Infinity":46,"s:160:40:160:Infinity":47,"s:162:2:211:Infinity":48,"f:162:12:162:18":9,"s:163:17:163:Infinity":49,"s:165:28:204:Infinity":50,"f:165:28:165:40":10,"s:166:20:166:Infinity":51,"b:167:6:174:Infinity:undefined:undefined:undefined:undefined":6,"s:167:6:174:Infinity":52,"b:167:10:167:20:167:20:167:38":7,"b:168:8:172:Infinity:undefined:undefined:undefined:undefined":8,"s:168:8:172:Infinity":53,"s:169:10:169:Infinity":54,"s:170:10:170:Infinity":55,"s:171:10:171:Infinity":56,"s:173:8:173:Infinity":57,"s:176:6:203:Infinity":58,"b:177:8:177:Infinity:undefined:undefined:undefined:undefined":9,"s:177:8:177:Infinity":59,"s:177:21:177:Infinity":60,"s:180:21:180:Infinity":61,"b:181:8:181:Infinity:undefined:undefined:undefined:undefined":10,"s:181:8:181:Infinity":62,"s:181:20:181:Infinity":63,"s:183:22:183:Infinity":64,"b:183:50:183:63:183:63:183:Infinity":11,"s:187:37:187:Infinity":65,"b:187:44:187:67:187:67:187:68":12,"s:190:34:190:Infinity":66,"b:190:41:190:61:190:61:190:107:190:107:190:108":13,"s:192:8:192:Infinity":67,"s:194:8:194:Infinity":68,"s:195:8:195:Infinity":69,"b:195:30:195:43:195:43:195:54":14,"s:196:8:196:Infinity":70,"s:197:8:197:Infinity":71,"b:200:8:200:Infinity:undefined:undefined:undefined:undefined":15,"s:200:8:200:Infinity":72,"s:200:21:200:Infinity":73,"b:202:8:202:Infinity:undefined:undefined:undefined:undefined":16,"s:202:8:202:Infinity":74,"s:202:21:202:Infinity":75,"s:206:18:206:Infinity":76,"s:207:4:210:Infinity":77,"f:207:11:207:17":11,"s:208:6:208:Infinity":78,"s:209:6:209:Infinity":79,"s:214:2:220:Infinity":80,"f:214:12:214:18":12,"b:215:4:219:Infinity:undefined:undefined:undefined:undefined":17,"s:215:4:219:Infinity":81,"b:215:8:215:27:215:27:215:60:215:60:215:72":18,"s:216:6:216:Infinity":82,"s:217:6:217:Infinity":83,"s:218:6:218:Infinity":84,"s:223:2:225:Infinity":85,"f:223:12:223:18":13,"s:224:4:224:Infinity":86,"s:228:8:252:Infinity":87,"f:228:32:228:38":14,"s:229:18:229:Infinity":88,"b:231:4:233:Infinity:undefined:undefined:undefined:undefined":19,"s:231:4:233:Infinity":89,"s:232:6:232:Infinity":90,"f:232:31:232:32":15,"s:232:38:232:65":91,"s:236:4:250:Infinity":92,"f:236:17:236:18":16,"s:237:21:237:Infinity":93,"b:237:21:237:52:237:52:237:Infinity":20,"s:238:21:238:Infinity":94,"b:238:21:238:52:238:52:238:Infinity":21,"b:241:8:242:Infinity:243:8:244:Infinity:245:8:246:Infinity:247:8:248:Infinity":22,"s:240:6:249:Infinity":95,"s:242:10:242:Infinity":96,"s:244:10:244:Infinity":97,"s:246:10:246:Infinity":98,"b:246:18:246:30:246:30:246:36":23,"b:246:36:246:48:246:48:246:Infinity":24,"s:248:10:248:Infinity":99,"s:251:4:251:Infinity":100,"s:255:33:282:Infinity":101,"f:255:33:255:34":17,"s:258:27:277:Infinity":102,"b:259:10:259:40:259:40:259:62:259:62:259:Infinity":25,"b:261:8:261:Infinity:262:8:262:Infinity:263:8:263:Infinity:264:8:264:Infinity:265:8:265:Infinity:266:8:266:Infinity":26,"b:268:8:268:Infinity:269:8:269:Infinity:270:8:270:Infinity:271:8:271:Infinity:272:8:272:Infinity":27,"b:274:8:274:Infinity:275:8:275:Infinity:276:8:276:Infinity":28,"s:279:4:279:Infinity":103,"s:280:4:280:Infinity":104,"s:281:4:281:Infinity":105,"s:318:8:321:Infinity":106,"f:319:4:319:10":18,"s:319:10:319:Infinity":107,"f:319:31:319:32":19,"s:319:38:319:50":108,"s:325:23:326:Infinity":109,"f:325:23:325:24":20,"s:326:4:326:Infinity":110,"b:326:4:326:26:326:26:326:Infinity":29,"s:328:28:342:Infinity":111,"f:328:28:328:35":21,"b:329:4:333:Infinity:undefined:undefined:undefined:undefined":30,"s:329:4:333:Infinity":112,"s:330:6:330:Infinity":113,"s:331:6:331:Infinity":114,"s:332:6:332:Infinity":115,"s:334:16:334:Infinity":116,"s:335:21:335:Infinity":117,"s:336:4:341:Infinity":118,"s:337:6:337:Infinity":119,"s:338:6:338:Infinity":120,"b:338:27:338:50:338:50:338:74":31,"s:340:6:340:Infinity":121,"s:344:25:352:Infinity":122,"f:344:25:344:26":22,"b:345:4:349:Infinity:undefined:undefined:undefined:undefined":32,"s:345:4:349:Infinity":123,"s:346:6:346:Infinity":124,"s:347:6:347:Infinity":125,"s:348:6:348:Infinity":126,"s:350:4:350:Infinity":127,"s:351:4:351:Infinity":128,"b:354:2:356:Infinity:undefined:undefined:undefined:undefined":33,"s:354:2:356:Infinity":129,"s:355:4:355:Infinity":130,"f:355:33:355:39":23,"s:355:39:355:62":131,"s:358:28:366:Infinity":132,"s:368:23:379:Infinity":133,"s:394:26:956:Infinity":134,"f:394:26:394:32":24,"b:395:6:406:Infinity:undefined:undefined:undefined:undefined":34,"s:395:6:406:Infinity":135,"s:396:8:404:Infinity":136,"f:401:20:401:26":25,"s:401:26:401:Infinity":137,"f:402:27:402:33":26,"s:402:33:402:Infinity":138,"f:403:24:403:30":27,"s:403:30:403:Infinity":139,"b:409:6:694:Infinity:697:6:703:Infinity:706:6:822:Infinity:824:6:953:Infinity":35,"s:408:4:955:Infinity":140,"s:410:8:694:Infinity":141,"b:426:19:426:59:426:59:426:Infinity":36,"f:443:26:443:27":28,"s:443:33:443:Infinity":142,"b:452:13:452:Infinity:453:14:614:Infinity":37,"f:470:26:470:27":29,"s:471:22:480:Infinity":143,"f:476:33:476:39":30,"s:476:39:476:Infinity":144,"f:493:31:493:37":31,"s:493:37:493:Infinity":145,"f:506:30:506:31":32,"s:506:37:506:Infinity":146,"f:524:31:524:37":33,"s:524:37:524:Infinity":147,"f:536:49:536:50":34,"s:536:56:536:78":148,"f:554:31:554:37":35,"s:554:37:554:Infinity":149,"f:567:30:567:31":36,"s:567:37:567:Infinity":150,"f:585:31:585:37":37,"s:585:37:585:Infinity":151,"f:598:30:598:31":38,"s:598:37:598:Infinity":152,"b:617:13:617:Infinity:618:14:692:Infinity":38,"f:642:37:642:38":39,"s:643:20:664:Infinity":153,"f:659:42:659:43":40,"s:660:26:660:Infinity":154,"s:661:26:661:Infinity":155,"f:672:32:672:33":41,"s:672:39:672:Infinity":156,"b:675:17:675:Infinity:676:18:690:Infinity":39,"s:698:8:703:Infinity":157,"s:707:8:822:Infinity":158,"b:732:15:732:Infinity:733:16:744:Infinity":40,"f:734:27:734:39":42,"b:735:20:738:Infinity:undefined:undefined:undefined:undefined":41,"s:735:20:738:Infinity":159,"s:736:22:736:Infinity":160,"s:737:22:737:Infinity":161,"b:749:14:754:Infinity:755:16:820:Infinity":42,"b:756:14:798:Infinity:800:14:820:Infinity":43,"f:762:30:762:31":43,"s:764:34:774:Infinity":162,"b:767:26:767:47:767:47:767:Infinity":44,"b:768:30:768:51:768:51:768:Infinity":45,"b:769:36:769:59:769:59:769:Infinity":46,"s:775:18:795:Infinity":163,"f:789:33:789:34":44,"s:789:40:789:Infinity":164,"f:790:34:790:35":45,"s:791:26:791:Infinity":165,"s:792:26:792:Infinity":166,"b:777:27:777:46:777:46:777:Infinity":47,"f:815:27:815:33":46,"s:815:33:815:Infinity":167,"s:825:8:953:Infinity":168,"b:854:15:854:Infinity:855:16:878:Infinity":48,"b:863:24:863:Infinity:864:24:864:Infinity":49,"f:867:29:867:41":47,"b:868:22:871:Infinity:undefined:undefined:undefined:undefined":50,"s:868:22:871:Infinity":169,"s:869:24:869:Infinity":170,"s:870:24:870:Infinity":171,"b:883:14:929:Infinity:931:14:951:Infinity":51,"f:890:28:890:29":48,"s:892:41:898:Infinity":172,"b:895:30:895:52:895:52:895:Infinity":52,"b:896:26:896:48:896:48:896:Infinity":53,"b:897:36:897:60:897:60:897:Infinity":54,"s:900:18:926:Infinity":173,"f:915:33:915:34":49,"s:915:40:915:Infinity":174,"f:917:34:917:41":50,"s:918:26:918:Infinity":175,"s:919:26:919:Infinity":176,"s:920:26:920:Infinity":177,"f:946:27:946:33":51,"s:946:33:946:Infinity":178,"s:958:24:1010:Infinity":179,"f:958:24:958:25":52,"s:959:4:1010:Infinity":180,"b:964:29:964:56:964:56:964:Infinity":55,"f:967:15:967:21":53,"s:968:8:968:Infinity":181,"s:969:8:969:Infinity":182,"s:970:8:970:Infinity":183,"s:971:8:971:Infinity":184,"b:976:14:976:Infinity:977:14:977:Infinity":56,"b:975:10:975:31:975:31:975:Infinity":57,"b:984:69:984:73:984:73:984:Infinity":58,"b:984:21:984:42:984:42:984:69":59,"b:988:7:988:29:988:29:988:Infinity:989:8:993:Infinity":60,"b:990:141:990:168:990:168:990:215":61,"b:990:93:990:114:990:114:990:141":62,"b:995:7:995:27:995:27:995:Infinity:996:8:1000:Infinity":63,"b:997:141:997:168:997:168:997:206":64,"b:997:93:997:114:997:114:997:141":65,"b:1003:7:1003:28:1003:28:1003:Infinity:1004:8:1008:Infinity":66,"s:1013:2:1281:Infinity":185,"f:1017:17:1017:23":54,"s:1017:23:1017:Infinity":186,"f:1032:23:1032:29":55,"s:1033:16:1033:Infinity":187,"s:1034:16:1034:Infinity":188,"s:1035:16:1035:Infinity":189,"s:1036:16:1036:Infinity":190,"s:1037:16:1037:Infinity":191,"b:1050:14:1050:40:1050:40:1050:Infinity:1051:14:1064:Infinity":67,"f:1058:28:1058:29":56,"s:1059:20:1059:Infinity":192,"b:1060:20:1060:Infinity:undefined:undefined:undefined:undefined":68,"s:1060:20:1060:Infinity":193,"s:1060:48:1060:Infinity":194,"b:1061:20:1061:Infinity:undefined:undefined:undefined:undefined":69,"s:1061:20:1061:Infinity":195,"s:1061:41:1061:Infinity":196,"b:1075:43:1075:57:1075:57:1075:Infinity":70,"b:1077:37:1077:58:1077:58:1077:Infinity":71,"f:1082:25:1082:31":57,"s:1082:31:1082:Infinity":197,"b:1082:63:1082:70:1082:70:1082:74":72,"f:1095:25:1095:31":58,"s:1095:31:1095:Infinity":198,"b:1096:98:1096:158:1096:158:1096:217":73,"b:1099:17:1099:Infinity:1100:18:1102:Infinity":74,"f:1108:25:1108:31":59,"s:1108:31:1108:Infinity":199,"b:1109:96:1109:155:1109:155:1109:214":75,"b:1112:17:1112:Infinity:1113:18:1115:Infinity":76,"b:1123:14:1187:Infinity:1189:14:1197:Infinity":77,"f:1126:27:1126:33":60,"s:1126:33:1126:Infinity":200,"b:1131:23:1131:41:1131:41:1131:Infinity":78,"b:1138:21:1138:44:1138:44:1138:Infinity":79,"b:1144:19:1144:Infinity:1145:20:1184:Infinity":80,"f:1149:33:1149:39":61,"s:1149:39:1149:Infinity":201,"b:1163:31:1163:49:1163:49:1163:Infinity":81,"f:1172:37:1172:43":62,"s:1173:30:1173:Infinity":202,"s:1174:30:1174:Infinity":203,"s:1175:30:1175:Infinity":204,"f:1192:25:1192:31":63,"s:1192:31:1192:Infinity":205,"f:1201:23:1201:29":64,"s:1201:29:1201:Infinity":206,"b:1204:34:1204:52:1204:52:1204:Infinity":82,"b:1215:31:1215:49:1215:49:1215:95":83,"b:1248:9:1248:Infinity:1249:10:1252:Infinity":84,"f:1251:21:1251:27":65,"s:1251:27:1251:Infinity":207,"b:1259:37:1259:48:1259:48:1259:Infinity":85,"b:1272:45:1272:64:1272:64:1272:Infinity":86,"b:1274:16:1274:28:1274:28:1274:Infinity":87,"b:1276:10:1276:Infinity:1277:10:1277:Infinity:1278:10:1278:Infinity":88,"f:1285:24:1285:30":66,"s:1286:2:1295:Infinity":208}}}
,"/home/trident/ProductHunter/client/src/config.ts": {"path":"/home/trident/ProductHunter/client/src/config.ts","statementMap":{"0":{"start":{"line":1,"column":22},"end":{"line":3,"column":null}}},"fnMap":{},"branchMap":{},"s":{"0":7},"f":{},"b":{},"meta":{"lastBranch":0,"lastFunction":0,"lastStatement":1,"seen":{"s:1:22:3:Infinity":0}}}
,"/home/trident/ProductHunter/client/src/main.tsx": {"path":"/home/trident/ProductHunter/client/src/main.tsx","statementMap":{"0":{"start":{"line":6,"column":0},"end":{"line":10,"column":null}}},"fnMap":{},"branchMap":{},"s":{"0":0},"f":{},"b":{},"meta":{"lastBranch":0,"lastFunction":0,"lastStatement":1,"seen":{"s:6:0:10:Infinity":0}}}
,"/home/trident/ProductHunter/client/src/components/AdvisorWidget.tsx": {"path":"/home/trident/ProductHunter/client/src/components/AdvisorWidget.tsx","statementMap":{"0":{"start":{"line":40,"column":29},"end":{"line":40,"column":null}},"1":{"start":{"line":41,"column":35},"end":{"line":41,"column":null}},"2":{"start":{"line":44,"column":14},"end":{"line":44,"column":null}},"3":{"start":{"line":45,"column":2},"end":{"line":51,"column":null}},"4":{"start":{"line":55,"column":18},"end":{"line":55,"column":null}},"5":{"start":{"line":56,"column":2},"end":{"line":56,"column":null}},"6":{"start":{"line":60,"column":2},"end":{"line":72,"column":null}},"7":{"start":{"line":61,"column":26},"end":{"line":61,"column":null}},"8":{"start":{"line":62,"column":19},"end":{"line":62,"column":null}},"9":{"start":{"line":63,"column":21},"end":{"line":63,"column":null}},"10":{"start":{"line":64,"column":26},"end":{"line":64,"column":null}},"11":{"start":{"line":65,"column":28},"end":{"line":67,"column":null}},"12":{"start":{"line":65,"column":55},"end":{"line":65,"column":83}},"13":{"start":{"line":68,"column":4},"end":{"line":68,"column":null}},"14":{"start":{"line":70,"column":21},"end":{"line":70,"column":null}},"15":{"start":{"line":71,"column":4},"end":{"line":71,"column":null}},"16":{"start":{"line":76,"column":2},"end":{"line":76,"column":null}},"17":{"start":{"line":77,"column":2},"end":{"line":77,"column":null}},"18":{"start":{"line":78,"column":18},"end":{"line":78,"column":null}},"19":{"start":{"line":79,"column":2},"end":{"line":79,"column":null}},"20":{"start":{"line":83,"column":2},"end":{"line":83,"column":null}},"21":{"start":{"line":83,"column":45},"end":{"line":83,"column":null}},"22":{"start":{"line":84,"column":2},"end":{"line":84,"column":null}},"23":{"start":{"line":88,"column":26},"end":{"line":88,"column":null}},"24":{"start":{"line":89,"column":24},"end":{"line":89,"column":null}},"25":{"start":{"line":90,"column":30},"end":{"line":90,"column":null}},"26":{"start":{"line":90,"column":67},"end":{"line":90,"column":90}},"27":{"start":{"line":91,"column":44},"end":{"line":91,"column":null}},"28":{"start":{"line":91,"column":71},"end":{"line":91,"column":101}},"29":{"start":{"line":92,"column":32},"end":{"line":92,"column":null}},"30":{"start":{"line":93,"column":24},"end":{"line":93,"column":null}},"31":{"start":{"line":94,"column":8},"end":{"line":94,"column":null}},"32":{"start":{"line":96,"column":24},"end":{"line":96,"column":null}},"33":{"start":{"line":96,"column":51},"end":{"line":96,"column":81}},"34":{"start":{"line":97,"column":19},"end":{"line":97,"column":null}},"35":{"start":{"line":98,"column":8},"end":{"line":98,"column":null}},"36":{"start":{"line":100,"column":8},"end":{"line":107,"column":null}},"37":{"start":{"line":101,"column":11},"end":{"line":105,"column":null}},"38":{"start":{"line":109,"column":2},"end":{"line":112,"column":null}},"39":{"start":{"line":110,"column":4},"end":{"line":110,"column":null}},"40":{"start":{"line":111,"column":4},"end":{"line":111,"column":null}},"41":{"start":{"line":114,"column":2},"end":{"line":124,"column":null}},"42":{"start":{"line":115,"column":4},"end":{"line":122,"column":null}},"43":{"start":{"line":116,"column":20},"end":{"line":116,"column":null}},"44":{"start":{"line":117,"column":6},"end":{"line":117,"column":null}},"45":{"start":{"line":118,"column":6},"end":{"line":118,"column":null}},"46":{"start":{"line":119,"column":6},"end":{"line":119,"column":null}},"47":{"start":{"line":120,"column":6},"end":{"line":120,"column":null}},"48":{"start":{"line":121,"column":6},"end":{"line":121,"column":null}},"49":{"start":{"line":123,"column":4},"end":{"line":123,"column":null}},"50":{"start":{"line":126,"column":2},"end":{"line":128,"column":null}},"51":{"start":{"line":127,"column":4},"end":{"line":127,"column":null}},"52":{"start":{"line":130,"column":30},"end":{"line":138,"column":null}},"53":{"start":{"line":133,"column":4},"end":{"line":137,"column":null}},"54":{"start":{"line":134,"column":6},"end":{"line":136,"column":null}},"55":{"start":{"line":135,"column":8},"end":{"line":135,"column":null}},"56":{"start":{"line":140,"column":26},"end":{"line":146,"column":null}},"57":{"start":{"line":141,"column":20},"end":{"line":141,"column":null}},"58":{"start":{"line":142,"column":4},"end":{"line":142,"column":null}},"59":{"start":{"line":142,"column":29},"end":{"line":142,"column":63}},"60":{"start":{"line":143,"column":4},"end":{"line":143,"column":null}},"61":{"start":{"line":144,"column":4},"end":{"line":144,"column":null}},"62":{"start":{"line":145,"column":4},"end":{"line":145,"column":null}},"63":{"start":{"line":148,"column":24},"end":{"line":158,"column":null}},"64":{"start":{"line":149,"column":4},"end":{"line":156,"column":null}},"65":{"start":{"line":150,"column":24},"end":{"line":150,"column":null}},"66":{"start":{"line":150,"column":52},"end":{"line":150,"column":76}},"67":{"start":{"line":151,"column":27},"end":{"line":151,"column":null}},"68":{"start":{"line":152,"column":6},"end":{"line":154,"column":null}},"69":{"start":{"line":153,"column":8},"end":{"line":153,"column":null}},"70":{"start":{"line":155,"column":6},"end":{"line":155,"column":null}},"71":{"start":{"line":157,"column":4},"end":{"line":157,"column":null}},"72":{"start":{"line":160,"column":24},"end":{"line":194,"column":null}},"73":{"start":{"line":161,"column":4},"end":{"line":161,"column":null}},"74":{"start":{"line":162,"column":20},"end":{"line":162,"column":null}},"75":{"start":{"line":163,"column":4},"end":{"line":163,"column":null}},"76":{"start":{"line":163,"column":49},"end":{"line":163,"column":null}},"77":{"start":{"line":165,"column":46},"end":{"line":165,"column":null}},"78":{"start":{"line":166,"column":25},"end":{"line":166,"column":null}},"79":{"start":{"line":167,"column":4},"end":{"line":172,"column":null}},"80":{"start":{"line":167,"column":38},"end":{"line":172,"column":6}},"81":{"start":{"line":173,"column":4},"end":{"line":173,"column":null}},"82":{"start":{"line":174,"column":4},"end":{"line":174,"column":null}},"83":{"start":{"line":175,"column":4},"end":{"line":175,"column":null}},"84":{"start":{"line":177,"column":4},"end":{"line":193,"column":null}},"85":{"start":{"line":178,"column":23},"end":{"line":178,"column":null}},"86":{"start":{"line":179,"column":53},"end":{"line":183,"column":null}},"87":{"start":{"line":184,"column":6},"end":{"line":188,"column":null}},"88":{"start":{"line":184,"column":40},"end":{"line":188,"column":8}},"89":{"start":{"line":190,"column":6},"end":{"line":190,"column":null}},"90":{"start":{"line":192,"column":6},"end":{"line":192,"column":null}},"91":{"start":{"line":196,"column":2},"end":{"line":390,"column":null}},"92":{"start":{"line":233,"column":33},"end":{"line":233,"column":null}},"93":{"start":{"line":244,"column":16},"end":{"line":276,"column":null}},"94":{"start":{"line":255,"column":22},"end":{"line":255,"column":null}},"95":{"start":{"line":256,"column":22},"end":{"line":256,"column":null}},"96":{"start":{"line":265,"column":35},"end":{"line":265,"column":null}},"97":{"start":{"line":288,"column":16},"end":{"line":332,"column":null}},"98":{"start":{"line":303,"column":26},"end":{"line":327,"column":null}},"99":{"start":{"line":357,"column":39},"end":{"line":357,"column":null}},"100":{"start":{"line":359,"column":20},"end":{"line":362,"column":null}},"101":{"start":{"line":360,"column":22},"end":{"line":360,"column":null}},"102":{"start":{"line":361,"column":22},"end":{"line":361,"column":null}},"103":{"start":{"line":384,"column":23},"end":{"line":384,"column":null}},"104":{"start":{"line":384,"column":44},"end":{"line":384,"column":50}}},"fnMap":{"0":{"name":"createSession","decl":{"start":{"line":43,"column":9},"end":{"line":43,"column":23}},"loc":{"start":{"line":43,"column":59},"end":{"line":52,"column":null}},"line":43},"1":{"name":"sessionTitleFromMessage","decl":{"start":{"line":54,"column":9},"end":{"line":54,"column":33}},"loc":{"start":{"line":54,"column":58},"end":{"line":57,"column":null}},"line":54},"2":{"name":"loadSessions","decl":{"start":{"line":59,"column":9},"end":{"line":59,"column":81}},"loc":{"start":{"line":59,"column":81},"end":{"line":73,"column":null}},"line":59},"3":{"name":"(anonymous_3)","decl":{"start":{"line":65,"column":42},"end":{"line":65,"column":43}},"loc":{"start":{"line":65,"column":55},"end":{"line":65,"column":83}},"line":65},"4":{"name":"resetStoredSessions","decl":{"start":{"line":75,"column":9},"end":{"line":75,"column":88}},"loc":{"start":{"line":75,"column":88},"end":{"line":80,"column":null}},"line":75},"5":{"name":"formatPrice","decl":{"start":{"line":82,"column":9},"end":{"line":82,"column":21}},"loc":{"start":{"line":82,"column":51},"end":{"line":85,"column":null}},"line":82},"6":{"name":"AdvisorWidget","decl":{"start":{"line":87,"column":16},"end":{"line":87,"column":30}},"loc":{"start":{"line":87,"column":97},"end":{"line":392,"column":null}},"line":87},"7":{"name":"(anonymous_7)","decl":{"start":{"line":90,"column":61},"end":{"line":90,"column":67}},"loc":{"start":{"line":90,"column":67},"end":{"line":90,"column":90}},"line":90},"8":{"name":"(anonymous_8)","decl":{"start":{"line":91,"column":65},"end":{"line":91,"column":71}},"loc":{"start":{"line":91,"column":71},"end":{"line":91,"column":101}},"line":91},"9":{"name":"(anonymous_9)","decl":{"start":{"line":96,"column":38},"end":{"line":96,"column":39}},"loc":{"start":{"line":96,"column":51},"end":{"line":96,"column":81}},"line":96},"10":{"name":"(anonymous_10)","decl":{"start":{"line":101,"column":4},"end":{"line":101,"column":11}},"loc":{"start":{"line":101,"column":11},"end":{"line":105,"column":null}},"line":101},"11":{"name":"(anonymous_11)","decl":{"start":{"line":109,"column":12},"end":{"line":109,"column":18}},"loc":{"start":{"line":109,"column":18},"end":{"line":112,"column":5}},"line":109},"12":{"name":"(anonymous_12)","decl":{"start":{"line":114,"column":12},"end":{"line":114,"column":18}},"loc":{"start":{"line":114,"column":18},"end":{"line":124,"column":5}},"line":114},"13":{"name":"(anonymous_13)","decl":{"start":{"line":126,"column":12},"end":{"line":126,"column":18}},"loc":{"start":{"line":126,"column":18},"end":{"line":128,"column":5}},"line":126},"14":{"name":"(anonymous_14)","decl":{"start":{"line":130,"column":30},"end":{"line":130,"column":null}},"loc":{"start":{"line":132,"column":7},"end":{"line":138,"column":null}},"line":132},"15":{"name":"(anonymous_15)","decl":{"start":{"line":133,"column":16},"end":{"line":133,"column":17}},"loc":{"start":{"line":134,"column":6},"end":{"line":136,"column":null}},"line":134},"16":{"name":"(anonymous_16)","decl":{"start":{"line":134,"column":18},"end":{"line":134,"column":19}},"loc":{"start":{"line":135,"column":8},"end":{"line":135,"column":null}},"line":135},"17":{"name":"(anonymous_17)","decl":{"start":{"line":140,"column":26},"end":{"line":140,"column":32}},"loc":{"start":{"line":140,"column":32},"end":{"line":146,"column":null}},"line":140},"18":{"name":"(anonymous_18)","decl":{"start":{"line":142,"column":16},"end":{"line":142,"column":17}},"loc":{"start":{"line":142,"column":29},"end":{"line":142,"column":63}},"line":142},"19":{"name":"(anonymous_19)","decl":{"start":{"line":148,"column":24},"end":{"line":148,"column":25}},"loc":{"start":{"line":148,"column":47},"end":{"line":158,"column":null}},"line":148},"20":{"name":"(anonymous_20)","decl":{"start":{"line":149,"column":16},"end":{"line":149,"column":17}},"loc":{"start":{"line":149,"column":29},"end":{"line":156,"column":5}},"line":149},"21":{"name":"(anonymous_21)","decl":{"start":{"line":150,"column":39},"end":{"line":150,"column":40}},"loc":{"start":{"line":150,"column":52},"end":{"line":150,"column":76}},"line":150},"22":{"name":"(anonymous_22)","decl":{"start":{"line":160,"column":24},"end":{"line":160,"column":31}},"loc":{"start":{"line":160,"column":59},"end":{"line":194,"column":null}},"line":160},"23":{"name":"(anonymous_23)","decl":{"start":{"line":167,"column":24},"end":{"line":167,"column":25}},"loc":{"start":{"line":167,"column":38},"end":{"line":172,"column":6}},"line":167},"24":{"name":"(anonymous_24)","decl":{"start":{"line":184,"column":26},"end":{"line":184,"column":27}},"loc":{"start":{"line":184,"column":40},"end":{"line":188,"column":8}},"line":184},"25":{"name":"(anonymous_25)","decl":{"start":{"line":233,"column":27},"end":{"line":233,"column":33}},"loc":{"start":{"line":233,"column":33},"end":{"line":233,"column":null}},"line":233},"26":{"name":"(anonymous_26)","decl":{"start":{"line":243,"column":28},"end":{"line":243,"column":29}},"loc":{"start":{"line":244,"column":16},"end":{"line":276,"column":null}},"line":244},"27":{"name":"(anonymous_27)","decl":{"start":{"line":254,"column":29},"end":{"line":254,"column":35}},"loc":{"start":{"line":254,"column":35},"end":{"line":257,"column":null}},"line":254},"2
[...]
43}},{"start":{"line":84,"column":43},"end":{"line":84,"column":63}},{"start":{"line":84,"column":63},"end":{"line":84,"column":67}}],"line":84},"18":{"loc":{"start":{"line":85,"column":26},"end":{"line":85,"column":null}},"type":"binary-expr","locations":[{"start":{"line":85,"column":26},"end":{"line":85,"column":80}},{"start":{"line":85,"column":80},"end":{"line":85,"column":null}}],"line":85},"19":{"loc":{"start":{"line":85,"column":33},"end":{"line":85,"column":75}},"type":"binary-expr","locations":[{"start":{"line":85,"column":33},"end":{"line":85,"column":58}},{"start":{"line":85,"column":58},"end":{"line":85,"column":74}},{"start":{"line":85,"column":74},"end":{"line":85,"column":75}}],"line":85},"20":{"loc":{"start":{"line":86,"column":23},"end":{"line":86,"column":null}},"type":"binary-expr","locations":[{"start":{"line":86,"column":23},"end":{"line":86,"column":113}},{"start":{"line":86,"column":113},"end":{"line":86,"column":null}}],"line":86},"21":{"loc":{"start":{"line":86,"column":30},"end":{"line":86,"column":108}},"type":"binary-expr","locations":[{"start":{"line":86,"column":30},"end":{"line":86,"column":52}},{"start":{"line":86,"column":52},"end":{"line":86,"column":73}},{"start":{"line":86,"column":73},"end":{"line":86,"column":108}}],"line":86},"22":{"loc":{"start":{"line":107,"column":4},"end":{"line":110,"column":null}},"type":"if","locations":[{"start":{"line":107,"column":4},"end":{"line":110,"column":null}},{"start":{},"end":{}}],"line":107},"23":{"loc":{"start":{"line":113,"column":4},"end":{"line":115,"column":null}},"type":"if","locations":[{"start":{"line":113,"column":4},"end":{"line":115,"column":null}},{"start":{},"end":{}}],"line":113},"24":{"loc":{"start":{"line":116,"column":4},"end":{"line":118,"column":null}},"type":"if","locations":[{"start":{"line":116,"column":4},"end":{"line":118,"column":null}},{"start":{},"end":{}}],"line":116},"25":{"loc":{"start":{"line":116,"column":8},"end":{"line":116,"column":46}},"type":"binary-expr","locations":[{"start":{"line":116,"column":8},"end":{"line":116,"column":18}},{"start":{"line":116,"column":18},"end":{"line":116,"column":46}}],"line":116},"26":{"loc":{"start":{"line":131,"column":2},"end":{"line":133,"column":null}},"type":"if","locations":[{"start":{"line":131,"column":2},"end":{"line":133,"column":null}},{"start":{},"end":{}}],"line":131},"27":{"loc":{"start":{"line":136,"column":16},"end":{"line":136,"column":null}},"type":"cond-expr","locations":[{"start":{"line":136,"column":40},"end":{"line":136,"column":50}},{"start":{"line":136,"column":50},"end":{"line":136,"column":null}}],"line":136},"28":{"loc":{"start":{"line":136,"column":50},"end":{"line":136,"column":null}},"type":"cond-expr","locations":[{"start":{"line":136,"column":89},"end":{"line":136,"column":103}},{"start":{"line":136,"column":103},"end":{"line":136,"column":null}}],"line":136},"29":{"loc":{"start":{"line":136,"column":50},"end":{"line":136,"column":89}},"type":"binary-expr","locations":[{"start":{"line":136,"column":50},"end":{"line":136,"column":60}},{"start":{"line":136,"column":60},"end":{"line":136,"column":89}}],"line":136},"30":{"loc":{"start":{"line":141,"column":6},"end":{"line":141,"column":null}},"type":"if","locations":[{"start":{"line":141,"column":6},"end":{"line":141,"column":null}},{"start":{},"end":{}}],"line":141},"31":{"loc":{"start":{"line":141,"column":10},"end":{"line":141,"column":45}},"type":"binary-expr","locations":[{"start":{"line":141,"column":10},"end":{"line":141,"column":26}},{"start":{"line":141,"column":26},"end":{"line":141,"column":45}}],"line":141},"32":{"loc":{"start":{"line":143,"column":13},"end":{"line":143,"column":null}},"type":"cond-expr","locations":[{"start":{"line":143,"column":39},"end":{"line":143,"column":48}},{"start":{"line":143,"column":48},"end":{"line":143,"column":null}}],"line":143},"33":{"loc":{"start":{"line":148,"column":27},"end":{"line":148,"column":null}},"type":"binary-expr","locations":[{"start":{"line":148,"column":27},"end":{"line":148,"column":54}},{"start":{"line":148,"column":54},"end":{"line":148,"column":79}},{"start":{"line":148,"column":79},"end":{"line":148,"column":103}},{"start":{"line":148,"column":103},"end":{"line":148,"column":null}}],"line":148},"34":{"loc":{"start":{"line":151,"column":19},"end":{"line":151,"column":null}},"type":"binary-expr","locations":[{"start":{"line":151,"column":19},"end":{"line":151,"column":38}},{"start":{"line":151,"column":38},"end":{"line":151,"column":55}},{"start":{"line":151,"column":55},"end":{"line":151,"column":null}}],"line":151},"35":{"loc":{"start":{"line":152,"column":21},"end":{"line":152,"column":null}},"type":"binary-expr","locations":[{"start":{"line":152,"column":21},"end":{"line":152,"column":42}},{"start":{"line":152,"column":42},"end":{"line":152,"column":61}},{"start":{"line":152,"column":61},"end":{"line":152,"column":null}}],"line":152},"36":{"loc":{"start":{"line":153,"column":17},"end":{"line":153,"column":null}},"type":"binary-expr","locations":[{"start":{"line":153,"column":17},"end":{"line":153,"column":35}},{"start":{"line":153,"column":35},"end":{"line":153,"column":52}},{"start":{"line":153,"column":52},"end":{"line":153,"column":null}}],"line":153},"37":{"loc":{"start":{"line":170,"column":2},"end":{"line":170,"column":null}},"type":"if","locations":[{"start":{"line":170,"column":2},"end":{"line":170,"column":null}},{"start":{},"end":{}}],"line":170},"38":{"loc":{"start":{"line":177,"column":4},"end":{"line":180,"column":null}},"type":"if","locations":[{"start":{"line":177,"column":4},"end":{"line":180,"column":null}},{"start":{},"end":{}}],"line":177},"39":{"loc":{"start":{"line":184,"column":19},"end":{"line":184,"column":null}},"type":"cond-expr","locations":[{"start":{"line":184,"column":58},"end":{"line":184,"column":73}},{"start":{"line":184,"column":73},"end":{"line":184,"column":null}}],"line":184},"40":{"loc":{"start":{"line":184,"column":19},"end":{"line":184,"column":58}},"type":"binary-expr","locations":[{"start":{"line":184,"column":19},"end":{"line":184,"column":29}},{"start":{"line":184,"column":29},"end":{"line":184,"column":58}}],"line":184},"41":{"loc":{"start":{"line":184,"column":73},"end":{"line":184,"column":null}},"type":"cond-expr","locations":[{"start":{"line":184,"column":97},"end":{"line":184,"column":106}},{"start":{"line":184,"column":106},"end":{"line":184,"column":null}}],"line":184}},"s":{"0":7,"1":7,"2":1,"3":6,"4":6,"5":7,"6":4,"7":10,"8":10,"9":10,"10":10,"11":9,"12":9,"13":2,"14":2,"15":7,"16":7,"17":7,"18":10,"19":10,"20":10,"21":10,"22":10,"23":1,"24":1,"25":0,"26":0,"27":0,"28":0,"29":0,"30":0,"31":0,"32":0,"33":0,"34":0,"35":0,"36":0,"37":0,"38":0,"39":0,"40":0,"41":0,"42":0,"43":0,"44":0,"45":0,"46":0,"47":0,"48":0,"49":0,"50":0,"51":0,"52":0,"53":0,"54":0,"55":0,"56":0,"57":0,"58":0,"59":0,"60":0,"61":0,"62":0,"63":0},"f":{"0":7,"1":4,"2":10,"3":0,"4":0,"5":0,"6":0,"7":0,"8":0},"b":{"0":[1,6],"1":[5,1],"2":[1,0],"3":[1,1],"4":[3,1],"5":[4,3],"6":[3,1],"7":[4,3],"8":[10],"9":[10],"10":[2,7],"11":[1,6],"12":[4,2],"13":[2,0],"14":[10,0],"15":[10,5,5],"16":[10,0],"17":[10,5,5],"18":[10,5],"19":[10,5,5],"20":[10,4],"21":[10,4,4],"22":[0,0],"23":[0,0],"24":[0,0],"25":[0,0],"26":[0,0],"27":[0,0],"28":[0,0],"29":[0,0],"30":[0,0],"31":[0,0],"32":[0,0],"33":[0,0,0,0],"34":[0,0,0],"35":[0,0,0],"36":[0,0,0],"37":[0,0],"38":[0,0],"39":[0,0],"40":[0,0],"41":[0,0]},"meta":{"lastBranch":42,"lastFunction":9,"lastStatement":64,"seen":{"f:30:22:30:45":0,"s:31:19:31:Infinity":0,"b:32:2:32:Infinity:undefined:undefined:undefined:undefined":0,"s:32:2:32:Infinity":1,"s:32:20:32:Infinity":2,"s:34:17:34:Infinity":3,"s:36:16:36:Infinity":4,"b:36:40:36:50:36:50:36:Infinity":1,"b:36:89:36:103:36:103:36:Infinity":2,"b:36:50:36:60:36:60:36:89":3,"s:39:2:43:Infinity":5,"f:39:19:39:20":1,"s:39:33:43:4":6,"b:41:81:41:120:41:120:41:Infinity":4,"b:41:19:41:48:41:48:41:81":5,"b:42:84:42:124:42:124:42:Infinity":6,"b:42:20:42:50:42:50:42:84":7,"f:54:22:54:Infinity":2,"b:56:9:56:Infinity":8,"b:57:9:57:Infinity":9,"s:59:2:98:Infinity":7,"s:60:16:62:Infinity":8,"s:63:4:63:Infinity":9,"s:64:21:64:Infinity":10,"s:65:4:65:Infinity":11,"b:66:4:69:Infinity:undefined:undefined:undefined:undefined":10,"s:66:4:69:Infinity":12,"s:67:6:67:Infinity":13,"s:68:6:68:Infinity":14,"s:71:19:71:Infinity":15,"s:72:4:72:Infinity":16,"s:75:18:81:Infinity":17,"b:76:8:76:Infinity:77:8:81:Infinity":11,"b:78:8:78:Infinity:79:8:81:Infinity":12,"b:80:8:80:Infinity:81:8:81:Infinity":13,"s:83:20:83:Infinity":18,"b:83:20:83:73:83:73:83:Infinity":14,"b:83:27:83:42:83:42:83:64:83:64:83:68":15,"s:84:21:84:Infinity":19,"b:84:21:84:72:84:72:84:Infinity":16,"b:84:28:84:43:84:43:84:63:84:63:84:67":17,"s:85:26:85:Infinity":20,"b:85:26:85:80:85:80:85:Infinity":18,"b:85:33:85:58:85:58:85:74:85:74:85:75":19,"s:86:23:86:Infinity":21,"b:86:23:86:113:86:113:86:Infinity":20,"b:86:30:86:52:86:52:86:73:86:73:86:108":21,"s:88:4:94:Infinity":22,"s:96:4:96:Infinity":23,"s:97:4:97:Infinity":24,"f:101:22:101:55":3,"s:102:2:123:Infinity":25,"s:103:21:105:Infinity":26,"b:107:4:110:Infinity:undefined:undefined:undefined:undefined":22,"s:107:4:110:Infinity":27,"s:108:6:108:Infinity":28,"s:109:6:109:Infinity":29,"s:112:19:112:Infinity":30,"b:113:4:115:Infinity:undefined:undefined:undefined:undefined":23,"s:113:4:115:Infinity":31,"s:114:6:114:Infinity":32,"b:116:4:118:Infinity:undefined:undefined:undefined:undefined":24,"s:116:4:118:Infinity":33,"b:116:8:116:18:116:18:116:46":25,"s:117:6:117:Infinity":34,"s:119:4:119:Infinity":35,"s:121:4:121:Infinity":36,"s:122:4:122:Infinity":37,"f:128:22:128:40":4,"s:129:19:129:Infinity":38,"b:131:2:133:Infinity:undefined:undefined:undefined:undefined":26,"s:131:2:133:Infinity":39,"s:132:4:132:Infinity":40,"s:135:17:135:Infinity":41,"s:136:16:136:Infinity":42,"b:136:40:136:50:136:50:136:Infinity":27,"b:136:89:136:103:136:103:136:Infinity":28,"b:136:50:136:60:136:60:136:89":29,"s:139:2:155:Infinity":43,"f:139:19:139:20":5,"s:140:17:144:Infinity":44,"f:140:17:140:18":6,"b:141:6:141:Infinity:undefined:undefined:undefined:undefined":30,"s:141:6:141:Infinity":45,"b:141:10:141:26:141:26:141:45":31,"s:141:45:141:Infinity":46,"s:142:21:142:Infinity":47,"s:143:6:143:Infinity":48,"b:143:39:143:48:143:48:143:Infinity":32,"s:146:4:154:Infinity":49,"b:148:27:148:54:148:54:148:79:148:79:148:103:148:103:148:Infinity":33,"b:151:19:151:38:151:38:151:55:151:55:151:Infinity":34,"b:152:21:152:42:152:42:152:61:152:61:152:Infinity":35,"b:153:17:153:35:153:35:153:52:153:52:153:Infinity":36,"f:166:22:166:41":7,"s:167:19:169:Infinity":50,"b:170:2:170:Infinity:undefined:undefined:undefined:undefined":37,"s:170:2:170:Infinity":51,"s:170:20:170:Infinity":52,"s:171:2:171:Infinity":53,"f:174:22:174:41":8,"s:175:2:189:Infinity":54,"s:176:21:176:Infinity":55,"b:177:4:180:Infinity:undefined:undefined:undefined:undefined":38,"s:177:4:180:Infinity":56,"s:178:6:178:Infinity":57,"s:179:6:179:Infinity":58,"s:182:19:182:Infinity":59,"s:184:19:184:Infinity":60,"b:184:58:184:73:184:73:184:Infinity":39,"b:184:19:184:29:184:29:184:58":40,"b:184:97:184:106:184:106:184:Infinity":41,"s:185:4:185:Infinity":61,"s:187:4:187:Infinity":62,"s:188:4:188:Infinity":63}}}
,"/home/trident/ProductHunter/client/src/services/trending_deal_api.ts": {"path":"/home/trident/ProductHunter/client/src/services/trending_deal_api.ts","statementMap":{"0":{"start":{"line":4,"column":19},"end":{"line":4,"column":null}},"1":{"start":{"line":5,"column":2},"end":{"line":5,"column":null}},"2":{"start":{"line":5,"column":20},"end":{"line":5,"column":null}},"3":{"start":{"line":6,"column":2},"end":{"line":6,"column":null}}},"fnMap":{"0":{"name":"fetchTrendingDeals","decl":{"start":{"line":3,"column":22},"end":{"line":3,"column":59}},"loc":{"start":{"line":3,"column":59},"end":{"line":7,"column":null}},"line":3}},"branchMap":{"0":{"loc":{"start":{"line":5,"column":2},"end":{"line":5,"column":null}},"type":"if","locations":[{"start":{"line":5,"column":2},"end":{"line":5,"column":null}},{"start":{},"end":{}}],"line":5}},"s":{"0":9,"1":8,"2":8,"3":6},"f":{"0":9},"b":{"0":[2,6]},"meta":{"lastBranch":1,"lastFunction":1,"lastStatement":4,"seen":{"f:3:22:3:59":0,"s:4:19:4:Infinity":0,"b:5:2:5:Infinity:undefined:undefined:undefined:undefined":0,"s:5:2:5:Infinity":1,"s:5:20:5:Infinity":2,"s:6:2:6:Infinity":3}}}
,"/home/trident/ProductHunter/client/src/services/wishlist.ts": {"path":"/home/trident/ProductHunter/client/src/services/wishlist.ts","statementMap":{"0":{"start":{"line":10,"column":13},"end":{"line":10,"column":null}},"1":{"start":{"line":13,"column":2},"end":{"line":13,"column":null}},"2":{"start":{"line":16,"column":31},"end":{"line":68,"column":null}},"3":{"start":{"line":18,"column":4},"end":{"line":31,"column":null}},"4":{"start":{"line":19,"column":18},"end":{"line":21,"column":null}},"5":{"start":{"line":22,"column":6},"end":{"line":25,"column":null}},"6":{"start":{"line":23,"column":8},"end":{"line":23,"column":null}},"7":{"start":{"line":24,"column":8},"end":{"line":24,"column":null}},"8":{"start":{"line":26,"column":19},"end":{"line":26,"column":null}},"9":{"start":{"line":27,"column":6},"end":{"line":27,"column":null}},"10":{"start":{"line":29,"column":6},"end":{"line":29,"column":null}},"11":{"start":{"line":30,"column":6},"end":{"line":30,"column":null}},"12":{"start":{"line":35,"column":4},"end":{"line":50,"column":null}},"13":{"start":{"line":36,"column":18},"end":{"line":40,"column":null}},"14":{"start":{"line":41,"column":6},"end":{"line":44,"column":null}},"15":{"start":{"line":42,"column":20},"end":{"line":42,"column":null}},"16":{"start":{"line":42,"column":50},"end":{"line":42,"column":53}},"17":{"start":{"line":43,"column":8},"end":{"line":43,"column":null}},"18":{"start":{"line":45,"column":19},"end":{"line":45,"column":null}},"19":{"start":{"line":46,"column":6},"end":{"line":46,"column":null}},"20":{"start":{"line":48,"column":6},"end":{"line":48,"column":null}},"21":{"start":{"line":49,"column":6},"end":{"line":49,"column":null}},"22":{"start":{"line":54,"column":4},"end":{"line":66,"column":null}},"23":{"start":{"line":55,"column":18},"end":{"line":58,"column":null}},"24":{"start":{"line":59,"column":6},"end":{"line":62,"column":null}},"25":{"start":{"line":60,"column":20},"end":{"line":60,"column":null}},"26":{"start":{"line":60,"column":50},"end":{"line":60,"column":53}},"27":{"start":{"line":61,"column":8},"end":{"line":61,"column":null}},"28":{"start":{"line":64,"column":6},"end":{"line":64,"column":null}},"29":{"start":{"line":65,"column":6},"end":{"line":65,"column":null}}},"fnMap":{"0":{"name":"authHeader","decl":{"start":{"line":12,"column":9},"end":{"line":12,"column":20}},"loc":{"start":{"line":12,"column":35},"end":{"line":14,"column":null}},"line":12},"1":{"name":"(anonymous_1)","decl":{"start":{"line":17,"column":8},"end":{"line":17,"column":20}},"loc":{"start":{"line":17,"column":60},"end":{"line":32,"column":null}},"line":17},"2":{"name":"(anonymous_2)","decl":{"start":{"line":34,"column":8},"end":{"line":34,"column":22}},"loc":{"start":{"line":34,"column":81},"end":{"line":51,"column":null}},"line":34},"3":{"name":"(anonymous_3)","decl":{"start":{"line":42,"column":43},"end":{"line":42,"column":50}},"loc":{"start":{"line":42,"column":50},"end":{"line":42,"column":53}},"line":42},"4":{"name":"(anonymous_4)","decl":{"start":{"line":53,"column":8},"end":{"line":53,"column":27}},"loc":{"start":{"line":53,"column":76},"end":{"line":67,"column":null}},"line":53},"5":{"name":"(anonymous_5)","decl":{"start":{"line":60,"column":43},"end":{"line":60,"column":50}},"loc":{"start":{"line":60,"column":50},"end":{"line":60,"column":53}},"line":60}},"branchMap":{"0":{"loc":{"start":{"line":22,"column":6},"end":{"line":25,"column":null}},"type":"if","locations":[{"start":{"line":22,"column":6},"end":{"line":25,"column":null}},{"start":{},"end":{}}],"line":22},"1":{"loc":{"start":{"line":27,"column":13},"end":{"line":27,"column":null}},"type":"binary-expr","locations":[{"start":{"line":27,"column":13},"end":{"line":27,"column":27}},{"start":{"line":27,"column":27},"end":{"line":27,"column":null}}],"line":27},"2":{"loc":{"start":{"line":41,"column":6},"end":{"line":44,"column":null}},"type":"if","locations":[{"start":{"line":41,"column":6},"end":{"line":44,"column":null}},{"start":{},"end":{}}],"line":41},"3":{"loc":{"start":{"line":43,"column":24},"end":{"line":43,"column":82}},"type":"binary-expr","locations":[{"start":{"line":43,"column":24},"end":{"line":43,"column":38}},{"start":{"line":43,"column":38},"end":{"line":43,"column":82}}],"line":43},"4":{"loc":{"start":{"line":46,"column":13},"end":{"line":46,"column":null}},"type":"binary-expr","locations":[{"start":{"line":46,"column":13},"end":{"line":46,"column":27}},{"start":{"line":46,"column":27},"end":{"line":46,"column":null}}],"line":46},"5":{"loc":{"start":{"line":59,"column":6},"end":{"line":62,"column":null}},"type":"if","locations":[{"start":{"line":59,"column":6},"end":{"line":62,"column":null}},{"start":{},"end":{}}],"line":59},"6":{"loc":{"start":{"line":61,"column":24},"end":{"line":61,"column":77}},"type":"binary-expr","locations":[{"start":{"line":61,"column":24},"end":{"line":61,"column":38}},{"start":{"line":61,"column":38},"end":{"line":61,"column":77}}],"line":61}},"s":{"0":2,"1":15,"2":2,"3":5,"4":5,"5":4,"6":1,"7":1,"8":3,"9":3,"10":1,"11":1,"12":5,"13":5,"14":5,"15":3,"16":1,"17":3,"18":2,"19":2,"20":3,"21":3,"22":5,"23":5,"24":4,"25":3,"26":1,"27":3,"28":4,"29":4},"f":{"0":15,"1":5,"2":5,"3":1,"4":5,"5":1},"b":{"0":[1,3],"1":[3,1],"2":[3,2],"3":[3,1],"4":[2,1],"5":[3,1],"6":[3,1]},"meta":{"lastBranch":7,"lastFunction":6,"lastStatement":30,"seen":{"s:10:13:10:Infinity":0,"f:12:9:12:20":0,"s:13:2:13:Infinity":1,"s:16:31:68:Infinity":2,"f:17:8:17:20":1,"s:18:4:31:Infinity":3,"s:19:18:21:Infinity":4,"b:22:6:25:Infinity:undefined:undefined:undefined:undefined":0,"s:22:6:25:Infinity":5,"s:23:8:23:Infinity":6,"s:24:8:24:Infinity":7,"s:26:19:26:Infinity":8,"s:27:6:27:Infinity":9,"b:27:13:27:27:27:27:27:Infinity":1,"s:29:6:29:Infinity":10,"s:30:6:30:Infinity":11,"f:34:8:34:22":2,"s:35:4:50:Infinity":12,"s:36:18:40:Infinity":13,"b:41:6:44:Infinity:undefined:undefined:undefined:undefined":2,"s:41:6:44:Infinity":14,"s:42:20:42:Infinity":15,"f:42:43:42:50":3,"s:42:50:42:53":16,"s:43:8:43:Infinity":17,"b:43:24:43:38:43:38:43:82":3,"s:45:19:45:Infinity":18,"s:46:6:46:Infinity":19,"b:46:13:46:27:46:27:46:Infinity":4,"s:48:6:48:Infinity":20,"s:49:6:49:Infinity":21,"f:53:8:53:27":4,"s:54:4:66:Infinity":22,"s:55:18:58:Infinity":23,"b:59:6:62:Infinity:undefined:undefined:undefined:undefined":5,"s:59:6:62:Infinity":24,"s:60:20:60:Infinity":25,"f:60:43:60:50":5,"s:60:50:60:53":26,"s:61:8:61:Infinity":27,"b:61:24:61:38:61:38:61:77":6,"s:64:6:64:Infinity":28,"s:65:6:65:Infinity":29}}}
,"/home/trident/ProductHunter/client/src/utils/test-utils.tsx": {"path":"/home/trident/ProductHunter/client/src/utils/test-utils.tsx","statementMap":{"0":{"start":{"line":49,"column":0},"end":{"line":49,"column":null}},"1":{"start":{"line":13,"column":24},"end":{"line":42,"column":null}},"2":{"start":{"line":14,"column":2},"end":{"line":40,"column":null}},"3":{"start":{"line":44,"column":21},"end":{"line":47,"column":null}},"4":{"start":{"line":46,"column":2},"end":{"line":47,"column":null}}},"fnMap":{"0":{"name":"(anonymous_0)","decl":{"start":{"line":13,"column":24},"end":{"line":13,"column":25}},"loc":{"start":{"line":13,"column":73},"end":{"line":42,"column":null}},"line":13},"1":{"name":"(anonymous_1)","decl":{"start":{"line":44,"column":21},"end":{"line":44,"column":null}},"loc":{"start":{"line":46,"column":2},"end":{"line":47,"column":null}},"line":46}},"branchMap":{},"s":{"0":1,"1":1,"2":2,"3":1,"4":2},"f":{"0":2,"1":2},"b":{},"meta":{"lastBranch":0,"lastFunction":2,"lastStatement":5,"seen":{"s:49:0:49:Infinity":0,"s:13:24:42:Infinity":1,"f:13:24:13:25":0,"s:14:2:40:Infinity":2,"s:44:21:47:Infinity":3,"f:44:21:44:Infinity":1,"s:46:2:47:Infinity":4}}}
}
